{"C:\\Users\\guido\\Guido\\Universidad\\Programas\\Testing\\Backend\\src\\app.controller.ts": {"path":"C:\\Users\\guido\\Guido\\Universidad\\Programas\\Testing\\Backend\\src\\app.controller.ts","statementMap":{"0":{"start":{"line":2,"column":0},"end":{"line":2,"column":49}},"1":{"start":{"line":3,"column":0},"end":{"line":3,"column":43}},"2":{"start":{"line":6,"column":7},"end":{"line":13,"column":null}},"3":{"start":{"line":7,"column":31},"end":{"line":7,"column":43}},"4":{"start":{"line":11,"column":4},"end":{"line":11,"column":38}},"5":{"start":{"line":6,"column":13},"end":{"line":6,"column":26}},"6":{"start":{"line":10,"column":2},"end":{"line":12,"column":null}},"7":{"start":{"line":6,"column":13},"end":{"line":13,"column":null}}},"fnMap":{"0":{"name":"(anonymous_2)","decl":{"start":{"line":7,"column":2},"end":{"line":7,"column":31}},"loc":{"start":{"line":7,"column":53},"end":{"line":7,"column":57}}},"1":{"name":"(anonymous_3)","decl":{"start":{"line":10,"column":2},"end":{"line":10,"column":10}},"loc":{"start":{"line":10,"column":10},"end":{"line":12,"column":3}}}},"branchMap":{"0":{"loc":{"start":{"line":7,"column":43},"end":{"line":7,"column":56}},"type":"cond-expr","locations":[{"start":{"line":7,"column":53},"end":{"line":7,"column":56}},{"start":{"line":7,"column":53},"end":{"line":7,"column":56}}]},"1":{"loc":{"start":{"line":7,"column":43},"end":{"line":7,"column":53}},"type":"binary-expr","locations":[{"start":{"line":7,"column":43},"end":{"line":7,"column":56}},{"start":{"line":7,"column":43},"end":{"line":7,"column":53}}]}},"s":{"0":0,"1":0,"2":0,"3":0,"4":0,"5":0,"6":0,"7":0},"f":{"0":0,"1":0},"b":{"0":[0,0],"1":[0,0]}}
,"C:\\Users\\guido\\Guido\\Universidad\\Programas\\Testing\\Backend\\src\\app.module.ts": {"path":"C:\\Users\\guido\\Guido\\Universidad\\Programas\\Testing\\Backend\\src\\app.module.ts","statementMap":{"0":{"start":{"line":2,"column":0},"end":{"line":2,"column":48}},"1":{"start":{"line":3,"column":0},"end":{"line":3,"column":61}},"2":{"start":{"line":4,"column":0},"end":{"line":4,"column":48}},"3":{"start":{"line":5,"column":0},"end":{"line":5,"column":49}},"4":{"start":{"line":6,"column":0},"end":{"line":6,"column":43}},"5":{"start":{"line":9,"column":0},"end":{"line":9,"column":48}},"6":{"start":{"line":10,"column":0},"end":{"line":10,"column":55}},"7":{"start":{"line":11,"column":0},"end":{"line":11,"column":50}},"8":{"start":{"line":12,"column":0},"end":{"line":12,"column":61}},"9":{"start":{"line":13,"column":0},"end":{"line":13,"column":59}},"10":{"start":{"line":16,"column":0},"end":{"line":16,"column":54}},"11":{"start":{"line":17,"column":0},"end":{"line":17,"column":80}},"12":{"start":{"line":57,"column":7},"end":{"line":57,"column":null}},"13":{"start":{"line":57,"column":13},"end":{"line":57,"column":22}},"14":{"start":{"line":57,"column":13},"end":{"line":57,"column":null}},"15":{"start":{"line":29,"column":53},"end":{"line":42,"column":8}}},"fnMap":{"0":{"name":"(anonymous_1)","decl":{"start":{"line":29,"column":18},"end":{"line":29,"column":19}},"loc":{"start":{"line":29,"column":53},"end":{"line":42,"column":8}}}},"branchMap":{"0":{"loc":{"start":{"line":23,"column":19},"end":{"line":23,"column":73}},"type":"cond-expr","locations":[{"start":{"line":23,"column":53},"end":{"line":23,"column":64}},{"start":{"line":23,"column":67},"end":{"line":23,"column":73}}]}},"s":{"0":0,"1":0,"2":0,"3":0,"4":0,"5":0,"6":0,"7":0,"8":0,"9":0,"10":0,"11":0,"12":0,"13":0,"14":0,"15":0},"f":{"0":0},"b":{"0":[0,0]}}
,"C:\\Users\\guido\\Guido\\Universidad\\Programas\\Testing\\Backend\\src\\app.service.ts": {"path":"C:\\Users\\guido\\Guido\\Universidad\\Programas\\Testing\\Backend\\src\\app.service.ts","statementMap":{"0":{"start":{"line":2,"column":0},"end":{"line":2,"column":44}},"1":{"start":{"line":5,"column":7},"end":{"line":9,"column":null}},"2":{"start":{"line":7,"column":4},"end":{"line":7,"column":25}},"3":{"start":{"line":5,"column":13},"end":{"line":5,"column":23}},"4":{"start":{"line":5,"column":13},"end":{"line":9,"column":null}}},"fnMap":{"0":{"name":"(anonymous_1)","decl":{"start":{"line":6,"column":2},"end":{"line":6,"column":10}},"loc":{"start":{"line":6,"column":10},"end":{"line":8,"column":3}}}},"branchMap":{},"s":{"0":0,"1":0,"2":0,"3":0,"4":0},"f":{"0":0},"b":{}}
,"C:\\Users\\guido\\Guido\\Universidad\\Programas\\Testing\\Backend\\src\\data-source.ts": {"path":"C:\\Users\\guido\\Guido\\Universidad\\Programas\\Testing\\Backend\\src\\data-source.ts","statementMap":{"0":{"start":{"line":2,"column":0},"end":{"line":2,"column":56}},"1":{"start":{"line":3,"column":0},"end":{"line":3,"column":47}},"2":{"start":{"line":4,"column":0},"end":{"line":4,"column":33}},"3":{"start":{"line":5,"column":0},"end":{"line":5,"column":29}},"4":{"start":{"line":8,"column":16},"end":{"line":8,"column":70}},"5":{"start":{"line":9,"column":0},"end":{"line":9,"column":62}},"6":{"start":{"line":11,"column":22},"end":{"line":11,"column":41}},"7":{"start":{"line":13,"column":13},"end":{"line":24,"column":2}},"8":{"start":{"line":26,"column":22},"end":{"line":26,"column":55}},"9":{"start":{"line":27,"column":0},"end":{"line":27,"column":29}}},"fnMap":{},"branchMap":{"0":{"loc":{"start":{"line":8,"column":16},"end":{"line":8,"column":70}},"type":"cond-expr","locations":[{"start":{"line":8,"column":50},"end":{"line":8,"column":61}},{"start":{"line":8,"column":64},"end":{"line":8,"column":70}}]}},"s":{"0":0,"1":0,"2":0,"3":0,"4":0,"5":0,"6":0,"7":0,"8":0,"9":0},"f":{},"b":{"0":[0,0]}}
,"C:\\Users\\guido\\Guido\\Universidad\\Programas\\Testing\\Backend\\src\\main.ts": {"path":"C:\\Users\\guido\\Guido\\Universidad\\Programas\\Testing\\Backend\\src\\main.ts","statementMap":{"0":{"start":{"line":2,"column":0},"end":{"line":2,"column":43}},"1":{"start":{"line":3,"column":0},"end":{"line":3,"column":41}},"2":{"start":{"line":4,"column":0},"end":{"line":4,"column":56}},"3":{"start":{"line":5,"column":0},"end":{"line":5,"column":41}},"4":{"start":{"line":6,"column":0},"end":{"line":6,"column":28}},"5":{"start":{"line":7,"column":0},"end":{"line":7,"column":47}},"6":{"start":{"line":10,"column":14},"end":{"line":10,"column":49}},"7":{"start":{"line":11,"column":17},"end":{"line":11,"column":40}},"8":{"start":{"line":12,"column":24},"end":{"line":12,"column":46}},"9":{"start":{"line":14,"column":2},"end":{"line":14,"column":20}},"10":{"start":{"line":15,"column":2},"end":{"line":20,"column":5}},"11":{"start":{"line":21,"column":2},"end":{"line":21,"column":26}},"12":{"start":{"line":22,"column":2},"end":{"line":29,"column":6}},"13":{"start":{"line":31,"column":15},"end":{"line":31,"column":54}},"14":{"start":{"line":32,"column":2},"end":{"line":32,"column":36}},"15":{"start":{"line":34,"column":2},"end":{"line":34,"column":67}},"16":{"start":{"line":35,"column":2},"end":{"line":35,"column":102}},"17":{"start":{"line":37,"column":0},"end":{"line":37,"column":12}}},"fnMap":{"0":{"name":"bootstrap","decl":{"start":{"line":9,"column":15},"end":{"line":9,"column":24}},"loc":{"start":{"line":9,"column":24},"end":{"line":36,"column":1}}}},"branchMap":{},"s":{"0":0,"1":0,"2":0,"3":0,"4":0,"5":0,"6":0,"7":0,"8":0,"9":0,"10":0,"11":0,"12":0,"13":0,"14":0,"15":0,"16":0,"17":0},"f":{"0":0},"b":{}}
,"C:\\Users\\guido\\Guido\\Universidad\\Programas\\Testing\\Backend\\src\\auth\\auth.controller.ts": {"path":"C:\\Users\\guido\\Guido\\Universidad\\Programas\\Testing\\Backend\\src\\auth\\auth.controller.ts","statementMap":{"0":{"start":{"line":2,"column":0},"end":{"line":2,"column":138}},"1":{"start":{"line":3,"column":0},"end":{"line":3,"column":45}},"2":{"start":{"line":5,"column":0},"end":{"line":5,"column":43}},"3":{"start":{"line":6,"column":0},"end":{"line":6,"column":62}},"4":{"start":{"line":7,"column":0},"end":{"line":7,"column":47}},"5":{"start":{"line":8,"column":0},"end":{"line":8,"column":55}},"6":{"start":{"line":9,"column":0},"end":{"line":9,"column":57}},"7":{"start":{"line":12,"column":27},"end":{"line":97,"column":null}},"8":{"start":{"line":16,"column":21},"end":{"line":16,"column":34}},"9":{"start":{"line":17,"column":21},"end":{"line":17,"column":36}},"10":{"start":{"line":13,"column":19},"end":{"line":13,"column":60}},"11":{"start":{"line":24,"column":4},"end":{"line":24,"column":85}},"12":{"start":{"line":25,"column":19},"end":{"line":25,"column":69}},"13":{"start":{"line":26,"column":4},"end":{"line":26,"column":18}},"14":{"start":{"line":36,"column":4},"end":{"line":36,"column":64}},"15":{"start":{"line":37,"column":19},"end":{"line":37,"column":82}},"16":{"start":{"line":39,"column":24},"end":{"line":39,"column":99}},"17":{"start":{"line":40,"column":26},"end":{"line":45,"column":6}},"18":{"start":{"line":47,"column":4},"end":{"line":47,"column":63}},"19":{"start":{"line":48,"column":4},"end":{"line":48,"column":82}},"20":{"start":{"line":49,"column":4},"end":{"line":52,"column":6}},"21":{"start":{"line":58,"column":4},"end":{"line":58,"column":42}},"22":{"start":{"line":59,"column":26},"end":{"line":63,"column":6}},"23":{"start":{"line":64,"column":4},"end":{"line":64,"column":47}},"24":{"start":{"line":65,"column":4},"end":{"line":65,"column":57}},"25":{"start":{"line":66,"column":4},"end":{"line":66,"column":55}},"26":{"start":{"line":72,"column":4},"end":{"line":72,"column":88}},"27":{"start":{"line":73,"column":4},"end":{"line":73,"column":49}},"28":{"start":{"line":77,"column":17},"end":{"line":77,"column":67}},"29":{"start":{"line":78,"column":18},"end":{"line":78,"column":60}},"30":{"start":{"line":79,"column":4},"end":{"line":79,"column":41}},"31":{"start":{"line":79,"column":22},"end":{"line":79,"column":41}},"32":{"start":{"line":81,"column":4},"end":{"line":89,"column":5}},"33":{"start":{"line":82,"column":16},"end":{"line":82,"column":36}},"34":{"start":{"line":83,"column":16},"end":{"line":83,"column":41}},"35":{"start":{"line":84,"column":16},"end":{"line":84,"column":46}},"36":{"start":{"line":85,"column":16},"end":{"line":85,"column":51}},"37":{"start":{"line":87,"column":20},"end":{"line":87,"column":49}},"38":{"start":{"line":88,"column":8},"end":{"line":88,"column":53}},"39":{"start":{"line":95,"column":4},"end":{"line":95,"column":16}},"40":{"start":{"line":12,"column":13},"end":{"line":12,"column":27}},"41":{"start":{"line":23,"column":8},"end":{"line":27,"column":null}},"42":{"start":{"line":32,"column":8},"end":{"line":53,"column":null}},"43":{"start":{"line":57,"column":8},"end":{"line":67,"column":null}},"44":{"start":{"line":71,"column":2},"end":{"line":74,"column":null}},"45":{"start":{"line":94,"column":2},"end":{"line":96,"column":null}},"46":{"start":{"line":12,"column":13},"end":{"line":97,"column":null}}},"fnMap":{"0":{"name":"(anonymous_4)","decl":{"start":{"line":15,"column":2},"end":{"line":15,"column":null}},"loc":{"start":{"line":17,"column":49},"end":{"line":18,"column":7}}},"1":{"name":"(anonymous_5)","decl":{"start":{"line":23,"column":2},"end":{"line":23,"column":7}},"loc":{"start":{"line":23,"column":61},"end":{"line":27,"column":3}}},"2":{"name":"(anonymous_6)","decl":{"start":{"line":32,"column":2},"end":{"line":32,"column":7}},"loc":{"start":{"line":34,"column":50},"end":{"line":53,"column":3}}},"3":{"name":"(anonymous_7)","decl":{"start":{"line":57,"column":2},"end":{"line":57,"column":7}},"loc":{"start":{"line":57,"column":61},"end":{"line":67,"column":3}}},"4":{"name":"(anonymous_8)","decl":{"start":{"line":71,"column":2},"end":{"line":71,"column":8}},"loc":{"start":{"line":71,"column":26},"end":{"line":74,"column":3}}},"5":{"name":"(anonymous_9)","decl":{"start":{"line":76,"column":10},"end":{"line":76,"column":24}},"loc":{"start":{"line":76,"column":48},"end":{"line":90,"column":3}}},"6":{"name":"(anonymous_10)","decl":{"start":{"line":94,"column":2},"end":{"line":94,"column":12}},"loc":{"start":{"line":94,"column":30},"end":{"line":96,"column":3}}}},"branchMap":{"0":{"loc":{"start":{"line":79,"column":4},"end":{"line":79,"column":41}},"type":"if","locations":[{"start":{"line":79,"column":4},"end":{"line":79,"column":41}}]},"1":{"loc":{"start":{"line":81,"column":4},"end":{"line":89,"column":5}},"type":"switch","locations":[{"start":{"line":82,"column":6},"end":{"line":82,"column":36}},{"start":{"line":83,"column":6},"end":{"line":83,"column":41}},{"start":{"line":84,"column":6},"end":{"line":84,"column":46}},{"start":{"line":85,"column":6},"end":{"line":85,"column":51}},{"start":{"line":86,"column":6},"end":{"line":88,"column":53}}]},"2":{"loc":{"start":{"line":88,"column":15},"end":{"line":88,"column":52}},"type":"cond-expr","locations":[{"start":{"line":88,"column":28},"end":{"line":88,"column":39}},{"start":{"line":88,"column":42},"end":{"line":88,"column":52}}]},"3":{"loc":{"start":{"line":23,"column":44},"end":{"line":23,"column":null}},"type":"cond-expr","locations":[{"start":{"line":23,"column":61},"end":{"line":23,"column":null}},{"start":{"line":23,"column":61},"end":{"line":23,"column":null}}]},"4":{"loc":{"start":{"line":23,"column":44},"end":{"line":23,"column":61}},"type":"binary-expr","locations":[{"start":{"line":23,"column":44},"end":{"line":23,"column":null}},{"start":{"line":23,"column":44},"end":{"line":23,"column":61}}]},"5":{"loc":{"start":{"line":33,"column":22},"end":{"line":33,"column":null}},"type":"cond-expr","locations":[{"start":{"line":33,"column":30},"end":{"line":33,"column":null}},{"start":{"line":33,"column":30},"end":{"line":33,"column":null}}]},"6":{"loc":{"start":{"line":33,"column":22},"end":{"line":33,"column":30}},"type":"binary-expr","locations":[{"start":{"line":33,"column":22},"end":{"line":33,"column":null}},{"start":{"line":33,"column":22},"end":{"line":33,"column":30}}]},"7":{"loc":{"start":{"line":16,"column":34},"end":{"line":16,"column":null}},"type":"cond-expr","locations":[{"start":{"line":16,"column":45},"end":{"line":16,"column":null}},{"start":{"line":16,"column":45},"end":{"line":16,"column":null}}]},"8":{"loc":{"start":{"line":16,"column":34},"end":{"line":16,"column":45}},"type":"binary-expr","locations":[{"start":{"line":16,"column":34},"end":{"line":16,"column":null}},{"start":{"line":16,"column":34},"end":{"line":16,"column":45}}]},"9":{"loc":{"start":{"line":16,"column":45},"end":{"line":17,"column":null}},"type":"cond-expr","locations":[{"start":{"line":17,"column":49},"end":{"line":17,"column":null}},{"start":{"line":17,"column":49},"end":{"line":17,"column":null}}]},"10":{"loc":{"start":{"line":16,"column":45},"end":{"line":17,"column":49}},"type":"binary-expr","locations":[{"start":{"line":16,"column":45},"end":{"line":17,"column":null}},{"start":{"line":17,"column":36},"end":{"line":17,"column":49}}]}},"s":{"0":0,"1":0,"2":0,"3":0,"4":0,"5":0,"6":0,"7":0,"8":0,"9":0,"10":0,"11":0,"12":0,"13":0,"14":0,"15":0,"16":0,"17":0,"18":0,"19":0,"20":0,"21":0,"22":0,"23":0,"24":0,"25":0,"26":0,"27":0,"28":0,"29":0,"30":0,"31":0,"32":0,"33":0,"34":0,"35":0,"36":0,"37":0,"38":0,"39":0,"40":0,"41":0,"42":0,"43":0,"44":0,"45":0,"46":0},"f":{"0":0,"1":0,"2":0,"3":0,"4":0,"5":0,"6":0},"b":{"0":[0],"1":[0,0,0,0,0],"2":[0,0],"3":[0,0],"4":[0,0],"5":[0,0],"6":[0,0],"7":[0,0],"8":[0,0],"9":[0,0],"10":[0,0]}}
,"C:\\Users\\guido\\Guido\\Universidad\\Programas\\Testing\\Backend\\src\\auth\\auth.module.ts": {"path":"C:\\Users\\guido\\Guido\\Universidad\\Programas\\Testing\\Backend\\src\\auth\\auth.module.ts","statementMap":{"0":{"start":{"line":2,"column":0},"end":{"line":2,"column":52}},"1":{"start":{"line":3,"column":0},"end":{"line":3,"column":45}},"2":{"start":{"line":4,"column":0},"end":{"line":4,"column":51}},"3":{"start":{"line":5,"column":0},"end":{"line":5,"column":40}},"4":{"start":{"line":6,"column":0},"end":{"line":6,"column":56}},"5":{"start":{"line":7,"column":0},"end":{"line":7,"column":56}},"6":{"start":{"line":8,"column":0},"end":{"line":8,"column":61}},"7":{"start":{"line":9,"column":0},"end":{"line":9,"column":50}},"8":{"start":{"line":10,"column":0},"end":{"line":10,"column":51}},"9":{"start":{"line":33,"column":7},"end":{"line":33,"column":null}},"10":{"start":{"line":33,"column":13},"end":{"line":33,"column":23}},"11":{"start":{"line":33,"column":13},"end":{"line":33,"column":null}},"12":{"start":{"line":16,"column":21},"end":{"line":16,"column":34}},"13":{"start":{"line":21,"column":59},"end":{"line":26,"column":8}}},"fnMap":{"0":{"name":"(anonymous_1)","decl":{"start":{"line":16,"column":15},"end":{"line":16,"column":18}},"loc":{"start":{"line":16,"column":21},"end":{"line":16,"column":34}}},"1":{"name":"(anonymous_2)","decl":{"start":{"line":21,"column":18},"end":{"line":21,"column":23}},"loc":{"start":{"line":21,"column":59},"end":{"line":26,"column":8}}}},"branchMap":{},"s":{"0":0,"1":0,"2":0,"3":0,"4":0,"5":0,"6":0,"7":0,"8":0,"9":0,"10":0,"11":0,"12":0,"13":0},"f":{"0":0,"1":0},"b":{}}
,"C:\\Users\\guido\\Guido\\Universidad\\Programas\\Testing\\Backend\\src\\auth\\auth.service.ts": {"path":"C:\\Users\\guido\\Guido\\Universidad\\Programas\\Testing\\Backend\\src\\auth\\auth.service.ts","statementMap":{"0":{"start":{"line":2,"column":0},"end":{"line":2,"column":115}},"1":{"start":{"line":3,"column":0},"end":{"line":3,"column":57}},"2":{"start":{"line":4,"column":0},"end":{"line":4,"column":41}},"3":{"start":{"line":5,"column":0},"end":{"line":5,"column":33}},"4":{"start":{"line":9,"column":0},"end":{"line":9,"column":53}},"5":{"start":{"line":12,"column":24},"end":{"line":113,"column":null}},"6":{"start":{"line":16,"column":21},"end":{"line":16,"column":37}},"7":{"start":{"line":17,"column":21},"end":{"line":17,"column":33}},"8":{"start":{"line":18,"column":21},"end":{"line":18,"column":36}},"9":{"start":{"line":13,"column":19},"end":{"line":13,"column":57}},"10":{"start":{"line":22,"column":4},"end":{"line":22,"column":57}},"11":{"start":{"line":23,"column":19},"end":{"line":23,"column":70}},"12":{"start":{"line":25,"column":4},"end":{"line":28,"column":5}},"13":{"start":{"line":26,"column":6},"end":{"line":26,"column":72}},"14":{"start":{"line":27,"column":6},"end":{"line":27,"column":65}},"15":{"start":{"line":30,"column":28},"end":{"line":30,"column":71}},"16":{"start":{"line":31,"column":4},"end":{"line":34,"column":5}},"17":{"start":{"line":32,"column":6},"end":{"line":32,"column":79}},"18":{"start":{"line":33,"column":6},"end":{"line":33,"column":65}},"19":{"start":{"line":36,"column":32},"end":{"line":42,"column":6}},"20":{"start":{"line":43,"column":4},"end":{"line":43,"column":70}},"21":{"start":{"line":44,"column":4},"end":{"line":46,"column":6}},"22":{"start":{"line":50,"column":4},"end":{"line":50,"column":98}},"23":{"start":{"line":52,"column":71},"end":{"line":52,"column":88}},"24":{"start":{"line":52,"column":66},"end":{"line":52,"column":71}},"25":{"start":{"line":54,"column":25},"end":{"line":54,"column":76}},"26":{"start":{"line":55,"column":4},"end":{"line":58,"column":5}},"27":{"start":{"line":56,"column":6},"end":{"line":56,"column":80}},"28":{"start":{"line":57,"column":6},"end":{"line":57,"column":77}},"29":{"start":{"line":60,"column":45},"end":{"line":60,"column":54}},"30":{"start":{"line":61,"column":4},"end":{"line":69,"column":5}},"31":{"start":{"line":62,"column":19},"end":{"line":62,"column":96}},"32":{"start":{"line":63,"column":6},"end":{"line":66,"column":7}},"33":{"start":{"line":64,"column":8},"end":{"line":64,"column":138}},"34":{"start":{"line":65,"column":8},"end":{"line":65,"column":143}},"35":{"start":{"line":67,"column":6},"end":{"line":67,"column":31}},"36":{"start":{"line":68,"column":6},"end":{"line":68,"column":104}},"37":{"start":{"line":71,"column":27},"end":{"line":71,"column":58}},"38":{"start":{"line":72,"column":4},"end":{"line":72,"column":70}},"39":{"start":{"line":74,"column":4},"end":{"line":102,"column":5}},"40":{"start":{"line":75,"column":22},"end":{"line":79,"column":null}},"41":{"start":{"line":82,"column":6},"end":{"line":82,"column":79}},"42":{"start":{"line":83,"column":6},"end":{"line":86,"column":8}},"43":{"start":{"line":88,"column":6},"end":{"line":100,"column":7}},"44":{"start":{"line":90,"column":8},"end":{"line":93,"column":10}},"45":{"start":{"line":96,"column":8},"end":{"line":99,"column":10}},"46":{"start":{"line":101,"column":6},"end":{"line":101,"column":101}},"47":{"start":{"line":106,"column":19},"end":{"line":106,"column":70}},"48":{"start":{"line":107,"column":4},"end":{"line":110,"column":5}},"49":{"start":{"line":108,"column":52},"end":{"line":108,"column":58}},"50":{"start":{"line":108,"column":47},"end":{"line":108,"column":52}},"51":{"start":{"line":109,"column":6},"end":{"line":109,"column":65}},"52":{"start":{"line":111,"column":4},"end":{"line":111,"column":16}},"53":{"start":{"line":12,"column":13},"end":{"line":12,"column":24}},"54":{"start":{"line":12,"column":13},"end":{"line":113,"column":null}}},"fnMap":{"0":{"name":"(anonymous_12)","decl":{"start":{"line":15,"column":2},"end":{"line":15,"column":null}},"loc":{"start":{"line":18,"column":49},"end":{"line":19,"column":7}}},"1":{"name":"(anonymous_13)","decl":{"start":{"line":21,"column":2},"end":{"line":21,"column":7}},"loc":{"start":{"line":21,"column":41},"end":{"line":47,"column":3}}},"2":{"name":"(anonymous_14)","decl":{"start":{"line":49,"column":2},"end":{"line":49,"column":7}},"loc":{"start":{"line":49,"column":53},"end":{"line":103,"column":3}}},"3":{"name":"(anonymous_15)","decl":{"start":{"line":105,"column":2},"end":{"line":105,"column":7}},"loc":{"start":{"line":105,"column":61},"end":{"line":112,"column":3}}}},"branchMap":{"0":{"loc":{"start":{"line":25,"column":4},"end":{"line":28,"column":5}},"type":"if","locations":[{"start":{"line":25,"column":4},"end":{"line":28,"column":5}}]},"1":{"loc":{"start":{"line":31,"column":4},"end":{"line":34,"column":5}},"type":"if","locations":[{"start":{"line":31,"column":4},"end":{"line":34,"column":5}}]},"2":{"loc":{"start":{"line":55,"column":4},"end":{"line":58,"column":5}},"type":"if","locations":[{"start":{"line":55,"column":4},"end":{"line":58,"column":5}}]},"3":{"loc":{"start":{"line":61,"column":4},"end":{"line":69,"column":5}},"type":"if","locations":[{"start":{"line":61,"column":4},"end":{"line":69,"column":5}}]},"4":{"loc":{"start":{"line":63,"column":6},"end":{"line":66,"column":7}},"type":"if","locations":[{"start":{"line":63,"column":6},"end":{"line":66,"column":7}}]},"5":{"loc":{"start":{"line":64,"column":67},"end":{"line":64,"column":119}},"type":"cond-expr","locations":[{"start":{"line":64,"column":82},"end":{"line":64,"column":114}},{"start":{"line":64,"column":117},"end":{"line":64,"column":119}}]},"6":{"loc":{"start":{"line":65,"column":65},"end":{"line":65,"column":120}},"type":"cond-expr","locations":[{"start":{"line":65,"column":80},"end":{"line":65,"column":115}},{"start":{"line":65,"column":118},"end":{"line":65,"column":120}}]},"7":{"loc":{"start":{"line":88,"column":6},"end":{"line":100,"column":7}},"type":"if","locations":[{"start":{"line":88,"column":6},"end":{"line":100,"column":7}},{"start":{"line":94,"column":13},"end":{"line":100,"column":7}}]},"8":{"loc":{"start":{"line":107,"column":4},"end":{"line":110,"column":5}},"type":"if","locations":[{"start":{"line":107,"column":4},"end":{"line":110,"column":5}}]},"9":{"loc":{"start":{"line":107,"column":8},"end":{"line":107,"column":61}},"type":"binary-expr","locations":[{"start":{"line":107,"column":8},"end":{"line":107,"column":14}},{"start":{"line":107,"column":18},"end":{"line":107,"column":61}}]},"10":{"loc":{"start":{"line":16,"column":37},"end":{"line":16,"column":null}},"type":"cond-expr","locations":[{"start":{"line":16,"column":50},"end":{"line":16,"column":null}},{"start":{"line":16,"column":50},"end":{"line":16,"column":null}}]},"11":{"loc":{"start":{"line":16,"column":37},"end":{"line":16,"column":50}},"type":"binary-expr","locations":[{"start":{"line":16,"column":37},"end":{"line":16,"column":null}},{"start":{"line":16,"column":37},"end":{"line":16,"column":50}}]},"12":{"loc":{"start":{"line":16,"column":50},"end":{"line":17,"column":null}},"type":"cond-expr","locations":[{"start":{"line":17,"column":43},"end":{"line":17,"column":null}},{"start":{"line":17,"column":43},"end":{"line":17,"column":null}}]},"13":{"loc":{"start":{"line":16,"column":50},"end":{"line":17,"column":43}},"type":"binary-expr","locations":[{"start":{"line":16,"column":50},"end":{"line":17,"column":null}},{"start":{"line":17,"column":33},"end":{"line":17,"column":43}}]},"14":{"loc":{"start":{"line":17,"column":43},"end":{"line":18,"column":null}},"type":"cond-expr","locations":[{"start":{"line":18,"column":49},"end":{"line":18,"column":null}},{"start":{"line":18,"column":49},"end":{"line":18,"column":null}}]},"15":{"loc":{"start":{"line":17,"column":43},"end":{"line":18,"column":49}},"type":"binary-expr","locations":[{"start":{"line":17,"column":43},"end":{"line":18,"column":null}},{"start":{"line":18,"column":36},"end":{"line":18,"column":49}}]}},"s":{"0":0,"1":0,"2":0,"3":0,"4":0,"5":0,"6":0,"7":0,"8":0,"9":0,"10":0,"11":0,"12":0,"13":0,"14":0,"15":0,"16":0,"17":0,"18":0,"19":0,"20":0,"21":0,"22":0,"23":0,"24":0,"25":0,"26":0,"27":0,"28":0,"29":0,"30":0,"31":0,"32":0,"33":0,"34":0,"35":0,"36":0,"37":0,"38":0,"39":0,"40":0,"41":0,"42":0,"43":0,"44":0,"45":0,"46":0,"47":0,"48":0,"49":0,"50":0,"51":0,"52":0,"53":0,"54":0},"f":{"0":0,"1":0,"2":0,"3":0},"b":{"0":[0],"1":[0],"2":[0],"3":[0],"4":[0],"5":[0,0],"6":[0,0],"7":[0,0],"8":[0],"9":[0,0],"10":[0,0],"11":[0,0],"12":[0,0],"13":[0,0],"14":[0,0],"15":[0,0]}}
,"C:\\Users\\guido\\Guido\\Universidad\\Programas\\Testing\\Backend\\src\\auth\\decorators\\public.decorator.ts": {"path":"C:\\Users\\guido\\Guido\\Universidad\\Programas\\Testing\\Backend\\src\\auth\\decorators\\public.decorator.ts","statementMap":{"0":{"start":{"line":2,"column":0},"end":{"line":2,"column":45}},"1":{"start":{"line":4,"column":13},"end":{"line":4,"column":40}},"2":{"start":{"line":6,"column":22},"end":{"line":6,"column":60}},"3":{"start":{"line":6,"column":28},"end":{"line":6,"column":60}},"4":{"start":{"line":6,"column":13},"end":{"line":6,"column":22}}},"fnMap":{"0":{"name":"(anonymous_0)","decl":{"start":{"line":6,"column":22},"end":{"line":6,"column":25}},"loc":{"start":{"line":6,"column":28},"end":{"line":6,"column":60}}}},"branchMap":{},"s":{"0":0,"1":0,"2":0,"3":0,"4":0},"f":{"0":0},"b":{}}
,"C:\\Users\\guido\\Guido\\Universidad\\Programas\\Testing\\Backend\\src\\auth\\decorators\\roles.decorator.ts": {"path":"C:\\Users\\guido\\Guido\\Universidad\\Programas\\Testing\\Backend\\src\\auth\\decorators\\roles.decorator.ts","statementMap":{"0":{"start":{"line":2,"column":0},"end":{"line":2,"column":45}},"1":{"start":{"line":5,"column":13},"end":{"line":5,"column":33}},"2":{"start":{"line":7,"column":21},"end":{"line":7,"column":78}},"3":{"start":{"line":7,"column":49},"end":{"line":7,"column":78}},"4":{"start":{"line":7,"column":13},"end":{"line":7,"column":21}}},"fnMap":{"0":{"name":"(anonymous_0)","decl":{"start":{"line":7,"column":21},"end":{"line":7,"column":22}},"loc":{"start":{"line":7,"column":49},"end":{"line":7,"column":78}}}},"branchMap":{},"s":{"0":0,"1":0,"2":0,"3":0,"4":0},"f":{"0":0},"b":{}}
,"C:\\Users\\guido\\Guido\\Universidad\\Programas\\Testing\\Backend\\src\\auth\\decorators\\user.decorator.ts": {"path":"C:\\Users\\guido\\Guido\\Universidad\\Programas\\Testing\\Backend\\src\\auth\\decorators\\user.decorator.ts","statementMap":{"0":{"start":{"line":2,"column":0},"end":{"line":2,"column":72}},"1":{"start":{"line":4,"column":13},"end":{"line":9,"column":2}},"2":{"start":{"line":6,"column":24},"end":{"line":6,"column":55}},"3":{"start":{"line":7,"column":8},"end":{"line":7,"column":28}}},"fnMap":{"0":{"name":"(anonymous_0)","decl":{"start":{"line":5,"column":4},"end":{"line":5,"column":5}},"loc":{"start":{"line":5,"column":45},"end":{"line":8,"column":5}}}},"branchMap":{},"s":{"0":0,"1":0,"2":0,"3":0},"f":{"0":0},"b":{}}
,"C:\\Users\\guido\\Guido\\Universidad\\Programas\\Testing\\Backend\\src\\auth\\dto\\login.dto.ts": {"path":"C:\\Users\\guido\\Guido\\Universidad\\Programas\\Testing\\Backend\\src\\auth\\dto\\login.dto.ts","statementMap":{"0":{"start":{"line":2,"column":0},"end":{"line":2,"column":75}},"1":{"start":{"line":4,"column":0},"end":{"line":4,"column":13}},"2":{"start":{"line":7,"column":2},"end":{"line":7,"column":null}},"3":{"start":{"line":13,"column":2},"end":{"line":13,"column":null}}},"fnMap":{},"branchMap":{},"s":{"0":0,"1":0,"2":0,"3":0},"f":{},"b":{}}
,"C:\\Users\\guido\\Guido\\Universidad\\Programas\\Testing\\Backend\\src\\auth\\dto\\register-person.dto.ts": {"path":"C:\\Users\\guido\\Guido\\Universidad\\Programas\\Testing\\Backend\\src\\auth\\dto\\register-person.dto.ts","statementMap":{"0":{"start":{"line":2,"column":0},"end":{"line":2,"column":133}},"1":{"start":{"line":5,"column":0},"end":{"line":5,"column":13}},"2":{"start":{"line":9,"column":2},"end":{"line":9,"column":null}},"3":{"start":{"line":14,"column":2},"end":{"line":14,"column":null}},"4":{"start":{"line":19,"column":2},"end":{"line":19,"column":null}},"5":{"start":{"line":27,"column":2},"end":{"line":27,"column":null}},"6":{"start":{"line":31,"column":2},"end":{"line":31,"column":null}},"7":{"start":{"line":35,"column":2},"end":{"line":35,"column":null}},"8":{"start":{"line":40,"column":2},"end":{"line":40,"column":null}},"9":{"start":{"line":37,"column":19},"end":{"line":37,"column":71}}},"fnMap":{"0":{"name":"(anonymous_2)","decl":{"start":{"line":37,"column":14},"end":{"line":37,"column":15}},"loc":{"start":{"line":37,"column":19},"end":{"line":37,"column":71}}}},"branchMap":{"0":{"loc":{"start":{"line":37,"column":19},"end":{"line":37,"column":71}},"type":"binary-expr","locations":[{"start":{"line":37,"column":19},"end":{"line":37,"column":43}},{"start":{"line":37,"column":47},"end":{"line":37,"column":71}}]}},"s":{"0":0,"1":0,"2":0,"3":0,"4":0,"5":0,"6":0,"7":0,"8":0,"9":0},"f":{"0":0},"b":{"0":[0,0]}}
,"C:\\Users\\guido\\Guido\\Universidad\\Programas\\Testing\\Backend\\src\\auth\\guards\\jwt-auth.guard.ts": {"path":"C:\\Users\\guido\\Guido\\Universidad\\Programas\\Testing\\Backend\\src\\auth\\guards\\jwt-auth.guard.ts","statementMap":{"0":{"start":{"line":2,"column":0},"end":{"line":2,"column":93}},"1":{"start":{"line":3,"column":0},"end":{"line":3,"column":45}},"2":{"start":{"line":5,"column":0},"end":{"line":5,"column":63}},"3":{"start":{"line":6,"column":0},"end":{"line":6,"column":41}},"4":{"start":{"line":9,"column":25},"end":{"line":43,"column":null}},"5":{"start":{"line":13,"column":4},"end":{"line":13,"column":12}},"6":{"start":{"line":12,"column":22},"end":{"line":12,"column":33}},"7":{"start":{"line":10,"column":19},"end":{"line":10,"column":58}},"8":{"start":{"line":18,"column":21},"end":{"line":21,"column":6}},"9":{"start":{"line":24,"column":4},"end":{"line":26,"column":5}},"10":{"start":{"line":25,"column":6},"end":{"line":25,"column":18}},"11":{"start":{"line":31,"column":4},"end":{"line":31,"column":91}},"12":{"start":{"line":32,"column":4},"end":{"line":32,"column":38}},"13":{"start":{"line":36,"column":4},"end":{"line":39,"column":5}},"14":{"start":{"line":37,"column":6},"end":{"line":37,"column":109}},"15":{"start":{"line":38,"column":6},"end":{"line":38,"column":114}},"16":{"start":{"line":40,"column":4},"end":{"line":40,"column":96}},"17":{"start":{"line":41,"column":4},"end":{"line":41,"column":16}},"18":{"start":{"line":9,"column":13},"end":{"line":9,"column":25}},"19":{"start":{"line":9,"column":13},"end":{"line":43,"column":null}}},"fnMap":{"0":{"name":"(anonymous_2)","decl":{"start":{"line":12,"column":2},"end":{"line":12,"column":22}},"loc":{"start":{"line":12,"column":42},"end":{"line":14,"column":3}}},"1":{"name":"(anonymous_3)","decl":{"start":{"line":16,"column":2},"end":{"line":16,"column":13}},"loc":{"start":{"line":16,"column":39},"end":{"line":33,"column":3}}},"2":{"name":"(anonymous_4)","decl":{"start":{"line":35,"column":2},"end":{"line":35,"column":15}},"loc":{"start":{"line":35,"column":102},"end":{"line":42,"column":3}}}},"branchMap":{"0":{"loc":{"start":{"line":24,"column":4},"end":{"line":26,"column":5}},"type":"if","locations":[{"start":{"line":24,"column":4},"end":{"line":26,"column":5}}]},"1":{"loc":{"start":{"line":36,"column":4},"end":{"line":39,"column":5}},"type":"if","locations":[{"start":{"line":36,"column":4},"end":{"line":39,"column":5}}]},"2":{"loc":{"start":{"line":36,"column":8},"end":{"line":36,"column":20}},"type":"binary-expr","locations":[{"start":{"line":36,"column":8},"end":{"line":36,"column":11}},{"start":{"line":36,"column":15},"end":{"line":36,"column":20}}]},"3":{"loc":{"start":{"line":37,"column":84},"end":{"line":37,"column":105}},"type":"binary-expr","locations":[{"start":{"line":37,"column":84},"end":{"line":37,"column":97}},{"start":{"line":37,"column":101},"end":{"line":37,"column":105}}]},"4":{"loc":{"start":{"line":37,"column":84},"end":{"line":37,"column":97}},"type":"cond-expr","locations":[{"start":{"line":37,"column":88},"end":{"line":37,"column":90}},{"start":{"line":37,"column":84},"end":{"line":37,"column":97}}]},"5":{"loc":{"start":{"line":37,"column":84},"end":{"line":37,"column":90}},"type":"binary-expr","locations":[{"start":{"line":37,"column":84},"end":{"line":37,"column":90}},{"start":{"line":37,"column":84},"end":{"line":37,"column":90}}]},"6":{"loc":{"start":{"line":38,"column":12},"end":{"line":38,"column":113}},"type":"binary-expr","locations":[{"start":{"line":38,"column":12},"end":{"line":38,"column":15}},{"start":{"line":38,"column":19},"end":{"line":38,"column":113}}]},"7":{"loc":{"start":{"line":38,"column":45},"end":{"line":38,"column":112}},"type":"binary-expr","locations":[{"start":{"line":38,"column":45},"end":{"line":38,"column":58}},{"start":{"line":38,"column":62},"end":{"line":38,"column":112}}]},"8":{"loc":{"start":{"line":38,"column":45},"end":{"line":38,"column":58}},"type":"cond-expr","locations":[{"start":{"line":38,"column":49},"end":{"line":38,"column":51}},{"start":{"line":38,"column":45},"end":{"line":38,"column":58}}]},"9":{"loc":{"start":{"line":38,"column":45},"end":{"line":38,"column":51}},"type":"binary-expr","locations":[{"start":{"line":38,"column":45},"end":{"line":38,"column":51}},{"start":{"line":38,"column":45},"end":{"line":38,"column":51}}]},"10":{"loc":{"start":{"line":12,"column":33},"end":{"line":12,"column":null}},"type":"cond-expr","locations":[{"start":{"line":12,"column":42},"end":{"line":12,"column":null}},{"start":{"line":12,"column":42},"end":{"line":12,"column":null}}]},"11":{"loc":{"start":{"line":12,"column":33},"end":{"line":12,"column":42}},"type":"binary-expr","locations":[{"start":{"line":12,"column":33},"end":{"line":12,"column":null}},{"start":{"line":12,"column":33},"end":{"line":12,"column":42}}]}},"s":{"0":0,"1":0,"2":0,"3":0,"4":0,"5":0,"6":0,"7":0,"8":0,"9":0,"10":0,"11":0,"12":0,"13":0,"14":0,"15":0,"16":0,"17":0,"18":0,"19":0},"f":{"0":0,"1":0,"2":0},"b":{"0":[0],"1":[0],"2":[0,0],"3":[0,0],"4":[0,0],"5":[0,0],"6":[0,0],"7":[0,0],"8":[0,0],"9":[0,0],"10":[0,0],"11":[0,0]}}
,"C:\\Users\\guido\\Guido\\Universidad\\Programas\\Testing\\Backend\\src\\auth\\guards\\roles.guard.ts": {"path":"C:\\Users\\guido\\Guido\\Universidad\\Programas\\Testing\\Backend\\src\\auth\\guards\\roles.guard.ts","statementMap":{"0":{"start":{"line":2,"column":0},"end":{"line":2,"column":103}},"1":{"start":{"line":3,"column":0},"end":{"line":3,"column":41}},"2":{"start":{"line":4,"column":0},"end":{"line":4,"column":58}},"3":{"start":{"line":8,"column":23},"end":{"line":40,"column":null}},"4":{"start":{"line":11,"column":22},"end":{"line":11,"column":33}},"5":{"start":{"line":9,"column":19},"end":{"line":9,"column":56}},"6":{"start":{"line":14,"column":26},"end":{"line":17,"column":6}},"7":{"start":{"line":19,"column":4},"end":{"line":21,"column":5}},"8":{"start":{"line":20,"column":6},"end":{"line":20,"column":18}},"9":{"start":{"line":23,"column":20},"end":{"line":23,"column":55}},"10":{"start":{"line":24,"column":17},"end":{"line":24,"column":29}},"11":{"start":{"line":26,"column":4},"end":{"line":29,"column":5}},"12":{"start":{"line":27,"column":6},"end":{"line":27,"column":81}},"13":{"start":{"line":28,"column":6},"end":{"line":28,"column":113}},"14":{"start":{"line":31,"column":28},"end":{"line":31,"column":76}},"15":{"start":{"line":31,"column":57},"end":{"line":31,"column":75}},"16":{"start":{"line":33,"column":4},"end":{"line":38,"column":5}},"17":{"start":{"line":34,"column":6},"end":{"line":34,"column":18}},"18":{"start":{"line":36,"column":6},"end":{"line":36,"column":142}},"19":{"start":{"line":37,"column":6},"end":{"line":37,"column":99}},"20":{"start":{"line":8,"column":13},"end":{"line":8,"column":23}},"21":{"start":{"line":8,"column":13},"end":{"line":40,"column":null}}},"fnMap":{"0":{"name":"(anonymous_2)","decl":{"start":{"line":11,"column":2},"end":{"line":11,"column":22}},"loc":{"start":{"line":11,"column":42},"end":{"line":11,"column":47}}},"1":{"name":"(anonymous_3)","decl":{"start":{"line":13,"column":2},"end":{"line":13,"column":13}},"loc":{"start":{"line":13,"column":39},"end":{"line":39,"column":3}}},"2":{"name":"(anonymous_4)","decl":{"start":{"line":31,"column":47},"end":{"line":31,"column":48}},"loc":{"start":{"line":31,"column":57},"end":{"line":31,"column":75}}}},"branchMap":{"0":{"loc":{"start":{"line":19,"column":4},"end":{"line":21,"column":5}},"type":"if","locations":[{"start":{"line":19,"column":4},"end":{"line":21,"column":5}}]},"1":{"loc":{"start":{"line":19,"column":8},"end":{"line":19,"column":52}},"type":"binary-expr","locations":[{"start":{"line":19,"column":8},"end":{"line":19,"column":22}},{"start":{"line":19,"column":26},"end":{"line":19,"column":52}}]},"2":{"loc":{"start":{"line":26,"column":4},"end":{"line":29,"column":5}},"type":"if","locations":[{"start":{"line":26,"column":4},"end":{"line":29,"column":5}}]},"3":{"loc":{"start":{"line":26,"column":8},"end":{"line":26,"column":27}},"type":"binary-expr","locations":[{"start":{"line":26,"column":8},"end":{"line":26,"column":13}},{"start":{"line":26,"column":17},"end":{"line":26,"column":27}}]},"4":{"loc":{"start":{"line":33,"column":4},"end":{"line":38,"column":5}},"type":"if","locations":[{"start":{"line":33,"column":4},"end":{"line":38,"column":5}},{"start":{"line":35,"column":11},"end":{"line":38,"column":5}}]},"5":{"loc":{"start":{"line":11,"column":33},"end":{"line":11,"column":46}},"type":"cond-expr","locations":[{"start":{"line":11,"column":42},"end":{"line":11,"column":46}},{"start":{"line":11,"column":42},"end":{"line":11,"column":46}}]},"6":{"loc":{"start":{"line":11,"column":33},"end":{"line":11,"column":42}},"type":"binary-expr","locations":[{"start":{"line":11,"column":33},"end":{"line":11,"column":46}},{"start":{"line":11,"column":33},"end":{"line":11,"column":42}}]}},"s":{"0":0,"1":0,"2":0,"3":0,"4":0,"5":0,"6":0,"7":0,"8":0,"9":0,"10":0,"11":0,"12":0,"13":0,"14":0,"15":0,"16":0,"17":0,"18":0,"19":0,"20":0,"21":0},"f":{"0":0,"1":0,"2":0},"b":{"0":[0],"1":[0,0],"2":[0],"3":[0,0],"4":[0,0],"5":[0,0],"6":[0,0]}}
,"C:\\Users\\guido\\Guido\\Universidad\\Programas\\Testing\\Backend\\src\\auth\\strategies\\jwt.strategy.ts": {"path":"C:\\Users\\guido\\Guido\\Universidad\\Programas\\Testing\\Backend\\src\\auth\\strategies\\jwt.strategy.ts","statementMap":{"0":{"start":{"line":1,"column":0},"end":{"line":1,"column":75}},"1":{"start":{"line":2,"column":0},"end":{"line":2,"column":52}},"2":{"start":{"line":3,"column":0},"end":{"line":3,"column":52}},"3":{"start":{"line":4,"column":0},"end":{"line":4,"column":47}},"4":{"start":{"line":6,"column":0},"end":{"line":6,"column":60}},"5":{"start":{"line":10,"column":24},"end":{"line":47,"column":null}},"6":{"start":{"line":17,"column":22},"end":{"line":17,"column":61}},"7":{"start":{"line":18,"column":4},"end":{"line":21,"column":5}},"8":{"start":{"line":19,"column":6},"end":{"line":19,"column":90}},"9":{"start":{"line":20,"column":6},"end":{"line":20,"column":125}},"10":{"start":{"line":22,"column":4},"end":{"line":29,"column":7}},"11":{"start":{"line":25,"column":30},"end":{"line":25,"column":null}},"12":{"start":{"line":14,"column":21},"end":{"line":14,"column":36}},"13":{"start":{"line":15,"column":21},"end":{"line":15,"column":37}},"14":{"start":{"line":11,"column":19},"end":{"line":11,"column":57}},"15":{"start":{"line":33,"column":4},"end":{"line":33,"column":72}},"16":{"start":{"line":35,"column":19},"end":{"line":35,"column":72}},"17":{"start":{"line":36,"column":4},"end":{"line":39,"column":5}},"18":{"start":{"line":37,"column":6},"end":{"line":37,"column":95}},"19":{"start":{"line":38,"column":6},"end":{"line":38,"column":83}},"20":{"start":{"line":41,"column":4},"end":{"line":45,"column":6}},"21":{"start":{"line":10,"column":13},"end":{"line":10,"column":24}},"22":{"start":{"line":10,"column":13},"end":{"line":47,"column":null}}},"fnMap":{"0":{"name":"(anonymous_2)","decl":{"start":{"line":13,"column":2},"end":{"line":13,"column":null}},"loc":{"start":{"line":15,"column":50},"end":{"line":30,"column":3}}},"1":{"name":"(anonymous_3)","decl":{"start":{"line":25,"column":8},"end":{"line":25,"column":9}},"loc":{"start":{"line":25,"column":29},"end":{"line":25,"column":null}}},"2":{"name":"(anonymous_4)","decl":{"start":{"line":32,"column":2},"end":{"line":32,"column":7}},"loc":{"start":{"line":32,"column":36},"end":{"line":46,"column":3}}}},"branchMap":{"0":{"loc":{"start":{"line":18,"column":4},"end":{"line":21,"column":5}},"type":"if","locations":[{"start":{"line":18,"column":4},"end":{"line":21,"column":5}}]},"1":{"loc":{"start":{"line":25,"column":30},"end":{"line":25,"column":51}},"type":"cond-expr","locations":[{"start":{"line":25,"column":46},"end":{"line":25,"column":48}},{"start":{"line":25,"column":46},"end":{"line":25,"column":51}}]},"2":{"loc":{"start":{"line":25,"column":30},"end":{"line":25,"column":48}},"type":"binary-expr","locations":[{"start":{"line":25,"column":30},"end":{"line":25,"column":48}},{"start":{"line":25,"column":46},"end":{"line":25,"column":48}}]},"3":{"loc":{"start":{"line":25,"column":30},"end":{"line":25,"column":46}},"type":"cond-expr","locations":[{"start":{"line":25,"column":37},"end":{"line":25,"column":39}},{"start":{"line":25,"column":30},"end":{"line":25,"column":46}}]},"4":{"loc":{"start":{"line":25,"column":30},"end":{"line":25,"column":39}},"type":"binary-expr","locations":[{"start":{"line":25,"column":30},"end":{"line":25,"column":39}},{"start":{"line":25,"column":30},"end":{"line":25,"column":39}}]},"5":{"loc":{"start":{"line":36,"column":4},"end":{"line":39,"column":5}},"type":"if","locations":[{"start":{"line":36,"column":4},"end":{"line":39,"column":5}}]},"6":{"loc":{"start":{"line":14,"column":36},"end":{"line":14,"column":null}},"type":"cond-expr","locations":[{"start":{"line":14,"column":49},"end":{"line":14,"column":null}},{"start":{"line":14,"column":49},"end":{"line":14,"column":null}}]},"7":{"loc":{"start":{"line":14,"column":36},"end":{"line":14,"column":49}},"type":"binary-expr","locations":[{"start":{"line":14,"column":36},"end":{"line":14,"column":null}},{"start":{"line":14,"column":36},"end":{"line":14,"column":49}}]},"8":{"loc":{"start":{"line":14,"column":49},"end":{"line":15,"column":null}},"type":"cond-expr","locations":[{"start":{"line":15,"column":50},"end":{"line":15,"column":null}},{"start":{"line":15,"column":50},"end":{"line":15,"column":null}}]},"9":{"loc":{"start":{"line":14,"column":49},"end":{"line":15,"column":50}},"type":"binary-expr","locations":[{"start":{"line":14,"column":49},"end":{"line":15,"column":null}},{"start":{"line":15,"column":37},"end":{"line":15,"column":50}}]}},"s":{"0":0,"1":0,"2":0,"3":0,"4":0,"5":0,"6":0,"7":0,"8":0,"9":0,"10":0,"11":0,"12":0,"13":0,"14":0,"15":0,"16":0,"17":0,"18":0,"19":0,"20":0,"21":0,"22":0},"f":{"0":0,"1":0,"2":0},"b":{"0":[0],"1":[0,0],"2":[0,0],"3":[0,0],"4":[0,0],"5":[0],"6":[0,0],"7":[0,0],"8":[0,0],"9":[0,0]}}
,"C:\\Users\\guido\\Guido\\Universidad\\Programas\\Testing\\Backend\\src\\city\\city.controller.ts": {"path":"C:\\Users\\guido\\Guido\\Universidad\\Programas\\Testing\\Backend\\src\\city\\city.controller.ts","statementMap":{"0":{"start":{"line":2,"column":0},"end":{"line":2,"column":null}},"1":{"start":{"line":6,"column":0},"end":{"line":6,"column":47}},"2":{"start":{"line":7,"column":0},"end":{"line":7,"column":55}},"3":{"start":{"line":8,"column":0},"end":{"line":8,"column":61}},"4":{"start":{"line":9,"column":0},"end":{"line":9,"column":62}},"5":{"start":{"line":10,"column":0},"end":{"line":10,"column":61}},"6":{"start":{"line":11,"column":0},"end":{"line":11,"column":56}},"7":{"start":{"line":12,"column":0},"end":{"line":12,"column":59}},"8":{"start":{"line":13,"column":0},"end":{"line":13,"column":55}},"9":{"start":{"line":16,"column":0},"end":{"line":16,"column":54}},"10":{"start":{"line":18,"column":0},"end":{"line":18,"column":61}},"11":{"start":{"line":22,"column":29},"end":{"line":99,"column":null}},"12":{"start":{"line":25,"column":31},"end":{"line":25,"column":46}},"13":{"start":{"line":23,"column":19},"end":{"line":23,"column":62}},"14":{"start":{"line":32,"column":4},"end":{"line":32,"column":94}},"15":{"start":{"line":33,"column":4},"end":{"line":33,"column":87}},"16":{"start":{"line":39,"column":4},"end":{"line":39,"column":123}},"17":{"start":{"line":40,"column":4},"end":{"line":40,"column":53}},"18":{"start":{"line":47,"column":4},"end":{"line":47,"column":57}},"19":{"start":{"line":54,"column":17},"end":{"line":54,"column":35}},"20":{"start":{"line":55,"column":4},"end":{"line":55,"column":110}},"21":{"start":{"line":57,"column":4},"end":{"line":59,"column":5}},"22":{"start":{"line":58,"column":6},"end":{"line":58,"column":111}},"23":{"start":{"line":60,"column":4},"end":{"line":60,"column":64}},"24":{"start":{"line":65,"column":4},"end":{"line":65,"column":76}},"25":{"start":{"line":66,"column":4},"end":{"line":66,"column":77}},"26":{"start":{"line":76,"column":4},"end":{"line":76,"column":79}},"27":{"start":{"line":77,"column":4},"end":{"line":77,"column":62}},"28":{"start":{"line":87,"column":4},"end":{"line":87,"column":81}},"29":{"start":{"line":88,"column":4},"end":{"line":88,"column":66}},"30":{"start":{"line":96,"column":4},"end":{"line":96,"column":73}},"31":{"start":{"line":97,"column":4},"end":{"line":97,"column":41}},"32":{"start":{"line":22,"column":13},"end":{"line":22,"column":29}},"33":{"start":{"line":31,"column":2},"end":{"line":34,"column":null}},"34":{"start":{"line":38,"column":2},"end":{"line":41,"column":null}},"35":{"start":{"line":45,"column":2},"end":{"line":48,"column":null}},"36":{"start":{"line":51,"column":8},"end":{"line":61,"column":null}},"37":{"start":{"line":64,"column":2},"end":{"line":67,"column":null}},"38":{"start":{"line":72,"column":2},"end":{"line":78,"column":null}},"39":{"start":{"line":83,"column":2},"end":{"line":89,"column":null}},"40":{"start":{"line":95,"column":2},"end":{"line":98,"column":null}},"41":{"start":{"line":22,"column":13},"end":{"line":99,"column":null}}},"fnMap":{"0":{"name":"(anonymous_4)","decl":{"start":{"line":25,"column":2},"end":{"line":25,"column":31}},"loc":{"start":{"line":25,"column":59},"end":{"line":25,"column":64}}},"1":{"name":"(anonymous_5)","decl":{"start":{"line":31,"column":2},"end":{"line":31,"column":8}},"loc":{"start":{"line":31,"column":45},"end":{"line":34,"column":3}}},"2":{"name":"(anonymous_6)","decl":{"start":{"line":38,"column":2},"end":{"line":38,"column":9}},"loc":{"start":{"line":38,"column":47},"end":{"line":41,"column":3}}},"3":{"name":"(anonymous_7)","decl":{"start":{"line":45,"column":2},"end":{"line":45,"column":22}},"loc":{"start":{"line":45,"column":76},"end":{"line":48,"column":3}}},"4":{"name":"(anonymous_8)","decl":{"start":{"line":51,"column":2},"end":{"line":51,"column":7}},"loc":{"start":{"line":52,"column":41},"end":{"line":61,"column":3}}},"5":{"name":"(anonymous_9)","decl":{"start":{"line":64,"column":2},"end":{"line":64,"column":9}},"loc":{"start":{"line":64,"column":47},"end":{"line":67,"column":3}}},"6":{"name":"(anonymous_10)","decl":{"start":{"line":72,"column":2},"end":{"line":72,"column":11}},"loc":{"start":{"line":74,"column":46},"end":{"line":78,"column":3}}},"7":{"name":"(anonymous_11)","decl":{"start":{"line":83,"column":2},"end":{"line":83,"column":13}},"loc":{"start":{"line":85,"column":45},"end":{"line":89,"column":3}}},"8":{"name":"(anonymous_12)","decl":{"start":{"line":95,"column":2},"end":{"line":95,"column":8}},"loc":{"start":{"line":95,"column":46},"end":{"line":98,"column":3}}}},"branchMap":{"0":{"loc":{"start":{"line":57,"column":4},"end":{"line":59,"column":5}},"type":"if","locations":[{"start":{"line":57,"column":4},"end":{"line":59,"column":5}}]},"1":{"loc":{"start":{"line":57,"column":8},"end":{"line":57,"column":35}},"type":"binary-expr","locations":[{"start":{"line":57,"column":8},"end":{"line":57,"column":13}},{"start":{"line":57,"column":17},"end":{"line":57,"column":35}}]},"2":{"loc":{"start":{"line":31,"column":32},"end":{"line":31,"column":48}},"type":"cond-expr","locations":[{"start":{"line":31,"column":45},"end":{"line":31,"column":48}},{"start":{"line":31,"column":45},"end":{"line":31,"column":48}}]},"3":{"loc":{"start":{"line":31,"column":32},"end":{"line":31,"column":45}},"type":"binary-expr","locations":[{"start":{"line":31,"column":32},"end":{"line":31,"column":48}},{"start":{"line":31,"column":32},"end":{"line":31,"column":45}}]},"4":{"loc":{"start":{"line":31,"column":48},"end":{"line":31,"column":null}},"type":"cond-expr","locations":[{"start":{"line":31,"column":55},"end":{"line":31,"column":null}},{"start":{"line":31,"column":55},"end":{"line":31,"column":null}}]},"5":{"loc":{"start":{"line":31,"column":48},"end":{"line":31,"column":55}},"type":"binary-expr","locations":[{"start":{"line":31,"column":48},"end":{"line":31,"column":null}},{"start":{"line":31,"column":48},"end":{"line":31,"column":55}}]},"6":{"loc":{"start":{"line":38,"column":34},"end":{"line":38,"column":50}},"type":"cond-expr","locations":[{"start":{"line":38,"column":47},"end":{"line":38,"column":50}},{"start":{"line":38,"column":47},"end":{"line":38,"column":50}}]},"7":{"loc":{"start":{"line":38,"column":34},"end":{"line":38,"column":47}},"type":"binary-expr","locations":[{"start":{"line":38,"column":34},"end":{"line":38,"column":50}},{"start":{"line":38,"column":34},"end":{"line":38,"column":47}}]},"8":{"loc":{"start":{"line":38,"column":50},"end":{"line":38,"column":null}},"type":"cond-expr","locations":[{"start":{"line":38,"column":57},"end":{"line":38,"column":null}},{"start":{"line":38,"column":57},"end":{"line":38,"column":null}}]},"9":{"loc":{"start":{"line":38,"column":50},"end":{"line":38,"column":57}},"type":"binary-expr","locations":[{"start":{"line":38,"column":50},"end":{"line":38,"column":null}},{"start":{"line":38,"column":50},"end":{"line":38,"column":57}}]},"10":{"loc":{"start":{"line":52,"column":28},"end":{"line":52,"column":null}},"type":"cond-expr","locations":[{"start":{"line":52,"column":41},"end":{"line":52,"column":null}},{"start":{"line":52,"column":41},"end":{"line":52,"column":null}}]},"11":{"loc":{"start":{"line":52,"column":28},"end":{"line":52,"column":41}},"type":"binary-expr","locations":[{"start":{"line":52,"column":28},"end":{"line":52,"column":null}},{"start":{"line":52,"column":28},"end":{"line":52,"column":41}}]},"12":{"loc":{"start":{"line":53,"column":5},"end":{"line":53,"column":null}},"type":"cond-expr","locations":[{"start":{"line":53,"column":12},"end":{"line":53,"column":null}},{"start":{"line":53,"column":12},"end":{"line":53,"column":null}}]},"13":{"loc":{"start":{"line":53,"column":5},"end":{"line":53,"column":12}},"type":"binary-expr","locations":[{"start":{"line":53,"column":5},"end":{"line":53,"column":null}},{"start":{"line":53,"column":5},"end":{"line":53,"column":12}}]},"14":{"loc":{"start":{"line":64,"column":50},"end":{"line":64,"column":null}},"type":"cond-expr","locations":[{"start":{"line":64,"column":57},"end":{"line":64,"column":null}},{"start":{"line":64,"column":57},"end":{"line":64,"column":null}}]},"15":{"loc":{"start":{"line":64,"column":50},"end":{"line":64,"column":57}},"type":"binary-expr","locations":[{"start":{"line":64,"column":50},"end":{"line":64,"column":null}},{"start":{"line":64,"column":50},"end":{"line":64,"column":57}}]},"16":{"loc":{"start":{"line":74,"column":30},"end":{"line":74,"column":null}},"type":"cond-expr","locations":[{"start":{"line":74,"column":46},"end":{"line":74,"column":null}},{"start":{"line":74,"column":46},"end":{"line":74,"column":null}}]},"17":{"loc":{"start":{"line":74,"column":30},"end":{"line":74,"column":46}},"type":"binary-expr","locations":[{"start":{"line":74,"column":30},"end":{"line":74,"column":null}},{"start":{"line":74,"column":30},"end":{"line":74,"column":46}}]},"18":{"loc":{"start":{"line":75,"column":5},"end":{"line":75,"column":null}},"type":"cond-expr","locations":[{"start":{"line":75,"column":12},"end":{"line":75,"column":null}},{"start":{"line":75,"column":12},"end":{"line":75,"column":null}}]},"19":{"loc":{"start":{"line":75,"column":5},"end":{"line":75,"column":12}},"type":"binary-expr","locations":[{"start":{"line":75,"column":5},"end":{"line":75,"column":null}},{"start":{"line":75,"column":5},"end":{"line":75,"column":12}}]},"20":{"loc":{"start":{"line":85,"column":32},"end":{"line":85,"column":null}},"type":"cond-expr","locations":[{"start":{"line":85,"column":45},"end":{"line":85,"column":null}},{"start":{"line":85,"column":45},"end":{"line":85,"column":null}}]},"21":{"loc":{"start":{"line":85,"column":32},"end":{"line":85,"column":45}},"type":"binary-expr","locations":[{"start":{"line":85,"column":32},"end":{"line":85,"column":null}},{"start":{"line":85,"column":32},"end":{"line":85,"column":45}}]},"22":{"loc":{"start":{"line":86,"column":5},"end":{"line":86,"column":null}},"type":"cond-expr","locations":[{"start":{"line":86,"column":12},"end":{"line":86,"column":null}},{"start":{"line":86,"column":12},"end":{"line":86,"column":null}}]},"23":{"loc":{"start":{"line":86,"column":5},"end":{"line":86,"column":12}},"type":"binary-expr","locations":[{"start":{"line":86,"column":5},"end":{"line":86,"column":null}},{"start":{"line":86,"column":5},"end":{"line":86,"column":12}}]},"24":{"loc":{"start":{"line":25,"column":46},"end":{"line":25,"column":63}},"type":"cond-expr","locations":[{"start":{"line":25,"column":59},"end":{"line":25,"column":63}},{"start":{"line":25,"column":59},"end":{"line":25,"column":63}}]},"25":{"loc":{"start":{"line":25,"column":46},"end":{"line":25,"column":59}},"type":"binary-expr","locations":[{"start":{"line":25,"column":46},"end":{"line":25,"column":63}},{"start":{"line":25,"column":46},"end":{"line":25,"column":59}}]}},"s":{"0":0,"1":0,"2":0,"3":0,"4":0,"5":0,"6":0,"7":0,"8":0,"9":0,"10":0,"11":0,"12":0,"13":0,"14":0,"15":0,"16":0,"17":0,"18":0,"19":0,"20":0,"21":0,"22":0,"23":0,"24":0,"25":0,"26":0,"27":0,"28":0,"29":0,"30":0,"31":0,"32":0,"33":0,"34":0,"35":0,"36":0,"37":0,"38":0,"39":0,"40":0,"41":0},"f":{"0":0,"1":0,"2":0,"3":0,"4":0,"5":0,"6":0,"7":0,"8":0},"b":{"0":[0],"1":[0,0],"2":[0,0],"3":[0,0],"4":[0,0],"5":[0,0],"6":[0,0],"7":[0,0],"8":[0,0],"9":[0,0],"10":[0,0],"11":[0,0],"12":[0,0],"13":[0,0],"14":[0,0],"15":[0,0],"16":[0,0],"17":[0,0],"18":[0,0],"19":[0,0],"20":[0,0],"21":[0,0],"22":[0,0],"23":[0,0],"24":[0,0],"25":[0,0]}}
,"C:\\Users\\guido\\Guido\\Universidad\\Programas\\Testing\\Backend\\src\\city\\city.module.ts": {"path":"C:\\Users\\guido\\Guido\\Universidad\\Programas\\Testing\\Backend\\src\\city\\city.module.ts","statementMap":{"0":{"start":{"line":2,"column":0},"end":{"line":2,"column":40}},"1":{"start":{"line":3,"column":0},"end":{"line":3,"column":48}},"2":{"start":{"line":4,"column":0},"end":{"line":4,"column":47}},"3":{"start":{"line":5,"column":0},"end":{"line":5,"column":47}},"4":{"start":{"line":6,"column":0},"end":{"line":6,"column":53}},"5":{"start":{"line":7,"column":0},"end":{"line":7,"column":55}},"6":{"start":{"line":17,"column":7},"end":{"line":17,"column":null}},"7":{"start":{"line":17,"column":13},"end":{"line":17,"column":25}},"8":{"start":{"line":17,"column":13},"end":{"line":17,"column":null}}},"fnMap":{},"branchMap":{},"s":{"0":0,"1":0,"2":0,"3":0,"4":0,"5":0,"6":0,"7":0,"8":0},"f":{},"b":{}}
,"C:\\Users\\guido\\Guido\\Universidad\\Programas\\Testing\\Backend\\src\\city\\city.service.ts": {"path":"C:\\Users\\guido\\Guido\\Universidad\\Programas\\Testing\\Backend\\src\\city\\city.service.ts","statementMap":{"0":{"start":{"line":2,"column":0},"end":{"line":2,"column":111}},"1":{"start":{"line":3,"column":0},"end":{"line":3,"column":51}},"2":{"start":{"line":4,"column":0},"end":{"line":4,"column":84}},"3":{"start":{"line":5,"column":0},"end":{"line":5,"column":47}},"4":{"start":{"line":6,"column":0},"end":{"line":6,"column":55}},"5":{"start":{"line":12,"column":0},"end":{"line":12,"column":69}},"6":{"start":{"line":15,"column":26},"end":{"line":356,"column":null}},"7":{"start":{"line":20,"column":21},"end":{"line":20,"column":37}},"8":{"start":{"line":22,"column":21},"end":{"line":22,"column":41}},"9":{"start":{"line":16,"column":19},"end":{"line":16,"column":59}},"10":{"start":{"line":26,"column":19},"end":{"line":26,"column":71}},"11":{"start":{"line":29,"column":4},"end":{"line":29,"column":62}},"12":{"start":{"line":30,"column":21},"end":{"line":33,"column":6}},"13":{"start":{"line":34,"column":4},"end":{"line":37,"column":5}},"14":{"start":{"line":35,"column":6},"end":{"line":35,"column":68}},"15":{"start":{"line":36,"column":6},"end":{"line":36,"column":83}},"16":{"start":{"line":38,"column":4},"end":{"line":38,"column":20}},"17":{"start":{"line":42,"column":4},"end":{"line":42,"column":91}},"18":{"start":{"line":44,"column":28},"end":{"line":50,"column":6}},"19":{"start":{"line":52,"column":4},"end":{"line":52,"column":61}},"20":{"start":{"line":56,"column":4},"end":{"line":59,"column":5}},"21":{"start":{"line":57,"column":6},"end":{"line":57,"column":102}},"22":{"start":{"line":58,"column":6},"end":{"line":58,"column":92}},"23":{"start":{"line":60,"column":4},"end":{"line":73,"column":6}},"24":{"start":{"line":77,"column":4},"end":{"line":77,"column":137}},"25":{"start":{"line":78,"column":21},"end":{"line":78,"column":74}},"26":{"start":{"line":80,"column":33},"end":{"line":85,"column":6}},"27":{"start":{"line":87,"column":4},"end":{"line":92,"column":5}},"28":{"start":{"line":88,"column":6},"end":{"line":88,"column":194}},"29":{"start":{"line":89,"column":31},"end":{"line":89,"column":153}},"30":{"start":{"line":90,"column":6},"end":{"line":90,"column":96}},"31":{"start":{"line":90,"column":29},"end":{"line":90,"column":96}},"32":{"start":{"line":91,"column":6},"end":{"line":91,"column":87}},"33":{"start":{"line":94,"column":32},"end":{"line":96,"column":6}},"34":{"start":{"line":97,"column":4},"end":{"line":99,"column":5}},"35":{"start":{"line":98,"column":6},"end":{"line":98,"column":159}},"36":{"start":{"line":101,"column":17},"end":{"line":107,"column":6}},"37":{"start":{"line":109,"column":4},"end":{"line":127,"column":5}},"38":{"start":{"line":110,"column":24},"end":{"line":110,"column":60}},"39":{"start":{"line":111,"column":6},"end":{"line":111,"column":143}},"40":{"start":{"line":112,"column":27},"end":{"line":112,"column":138}},"41":{"start":{"line":113,"column":6},"end":{"line":113,"column":94}},"42":{"start":{"line":113,"column":25},"end":{"line":113,"column":94}},"43":{"start":{"line":114,"column":6},"end":{"line":114,"column":79}},"44":{"start":{"line":116,"column":6},"end":{"line":124,"column":7}},"45":{"start":{"line":117,"column":8},"end":{"line":117,"column":106}},"46":{"start":{"line":118,"column":34},"end":{"line":121,"column":10}},"47":{"start":{"line":122,"column":8},"end":{"line":122,"column":114}},"48":{"start":{"line":122,"column":31},"end":{"line":122,"column":114}},"49":{"start":{"line":123,"column":8},"end":{"line":123,"column":90}},"50":{"start":{"line":125,"column":6},"end":{"line":125,"column":85}},"51":{"start":{"line":126,"column":6},"end":{"line":126,"column":18}},"52":{"start":{"line":132,"column":56},"end":{"line":132,"column":69}},"53":{"start":{"line":133,"column":17},"end":{"line":133,"column":35}},"54":{"start":{"line":135,"column":47},"end":{"line":139,"column":6}},"55":{"start":{"line":141,"column":4},"end":{"line":149,"column":5}},"56":{"start":{"line":142,"column":32},"end":{"line":142,"column":85}},"57":{"start":{"line":143,"column":6},"end":{"line":145,"column":7}},"58":{"start":{"line":144,"column":8},"end":{"line":144,"column":92}},"59":{"start":{"line":146,"column":6},"end":{"line":146,"column":59}},"60":{"start":{"line":148,"column":6},"end":{"line":148,"column":40}},"61":{"start":{"line":151,"column":28},"end":{"line":151,"column":79}},"62":{"start":{"line":152,"column":25},"end":{"line":152,"column":72}},"63":{"start":{"line":152,"column":44},"end":{"line":152,"column":71}},"64":{"start":{"line":153,"column":4},"end":{"line":153,"column":87}},"65":{"start":{"line":157,"column":4},"end":{"line":157,"column":51}},"66":{"start":{"line":158,"column":17},"end":{"line":161,"column":6}},"67":{"start":{"line":162,"column":4},"end":{"line":165,"column":5}},"68":{"start":{"line":163,"column":6},"end":{"line":163,"column":57}},"69":{"start":{"line":164,"column":6},"end":{"line":164,"column":72}},"70":{"start":{"line":166,"column":4},"end":{"line":166,"column":61}},"71":{"start":{"line":170,"column":4},"end":{"line":170,"column":122}},"72":{"start":{"line":172,"column":49},"end":{"line":174,"column":6}},"73":{"start":{"line":176,"column":4},"end":{"line":197,"column":5}},"74":{"start":{"line":177,"column":19},"end":{"line":185,"column":8}},"75":{"start":{"line":186,"column":6},"end":{"line":186,"column":79}},"76":{"start":{"line":188,"column":21},"end":{"line":191,"column":8}},"77":{"start":{"line":192,"column":6},"end":{"line":195,"column":7}},"78":{"start":{"line":193,"column":8},"end":{"line":193,"column":128}},"79":{"start":{"line":194,"column":8},"end":{"line":194,"column":96}},"80":{"start":{"line":196,"column":6},"end":{"line":196,"column":102}},"81":{"start":{"line":201,"column":4},"end":{"line":201,"column":91}},"82":{"start":{"line":202,"column":17},"end":{"line":208,"column":6}},"83":{"start":{"line":210,"column":4},"end":{"line":213,"column":5}},"84":{"start":{"line":211,"column":6},"end":{"line":211,"column":97}},"85":{"start":{"line":212,"column":6},"end":{"line":212,"column":18}},"86":{"start":{"line":214,"column":4},"end":{"line":214,"column":77}},"87":{"start":{"line":219,"column":4},"end":{"line":219,"column":64}},"88":{"start":{"line":220,"column":4},"end":{"line":222,"column":5}},"89":{"start":{"line":221,"column":6},"end":{"line":221,"column":84}},"90":{"start":{"line":224,"column":56},"end":{"line":224,"column":69}},"91":{"start":{"line":225,"column":17},"end":{"line":225,"column":35}},"92":{"start":{"line":227,"column":47},"end":{"line":232,"column":6}},"93":{"start":{"line":234,"column":4},"end":{"line":242,"column":5}},"94":{"start":{"line":235,"column":32},"end":{"line":235,"column":85}},"95":{"start":{"line":236,"column":6},"end":{"line":238,"column":7}},"96":{"start":{"line":237,"column":8},"end":{"line":237,"column":92}},"97":{"start":{"line":239,"column":6},"end":{"line":239,"column":59}},"98":{"start":{"line":241,"column":6},"end":{"line":241,"column":40}},"99":{"start":{"line":244,"column":28},"end":{"line":244,"column":79}},"100":{"start":{"line":245,"column":25},"end":{"line":245,"column":72}},"101":{"start":{"line":245,"column":44},"end":{"line":245,"column":71}},"102":{"start":{"line":246,"column":4},"end":{"line":246,"column":87}},"103":{"start":{"line":250,"column":4},"end":{"line":250,"column":61}},"104":{"start":{"line":251,"column":25},"end":{"line":251,"column":122}},"105":{"start":{"line":252,"column":4},"end":{"line":252,"column":89}},"106":{"start":{"line":252,"column":23},"end":{"line":252,"column":89}},"107":{"start":{"line":254,"column":21},"end":{"line":254,"column":70}},"108":{"start":{"line":256,"column":4},"end":{"line":263,"column":5}},"109":{"start":{"line":257,"column":23},"end":{"line":259,"column":8}},"110":{"start":{"line":260,"column":6},"end":{"line":262,"column":7}},"111":{"start":{"line":261,"column":8},"end":{"line":261,"column":108}},"112":{"start":{"line":264,"column":4},"end":{"line":271,"column":5}},"113":{"start":{"line":265,"column":23},"end":{"line":267,"column":8}},"114":{"start":{"line":268,"column":6},"end":{"line":270,"column":7}},"115":{"start":{"line":269,"column":8},"end":{"line":269,"column":124}},"116":{"start":{"line":273,"column":4},"end":{"line":273,"column":39}},"117":{"start":{"line":274,"column":4},"end":{"line":274,"column":37}},"118":{"start":{"line":275,"column":4},"end":{"line":275,"column":42}},"119":{"start":{"line":276,"column":4},"end":{"line":276,"column":47}},"120":{"start":{"line":277,"column":4},"end":{"line":277,"column":49}},"121":{"start":{"line":279,"column":24},"end":{"line":279,"column":68}},"122":{"start":{"line":280,"column":4},"end":{"line":280,"column":70}},"123":{"start":{"line":281,"column":28},"end":{"line":281,"column":141}},"124":{"start":{"line":282,"column":4},"end":{"line":282,"column":100}},"125":{"start":{"line":282,"column":26},"end":{"line":282,"column":100}},"126":{"start":{"line":283,"column":4},"end":{"line":283,"column":50}},"127":{"start":{"line":287,"column":4},"end":{"line":287,"column":63}},"128":{"start":{"line":288,"column":25},"end":{"line":288,"column":122}},"129":{"start":{"line":289,"column":4},"end":{"line":292,"column":5}},"130":{"start":{"line":290,"column":6},"end":{"line":290,"column":68}},"131":{"start":{"line":291,"column":6},"end":{"line":291,"column":72}},"132":{"start":{"line":294,"column":22},"end":{"line":294,"column":27}},"133":{"start":{"line":295,"column":4},"end":{"line":298,"column":5}},"134":{"start":{"line":296,"column":6},"end":{"line":296,"column":41}},"135":{"start":{"line":297,"column":6},"end":{"line":297,"column":25}},"136":{"start":{"line":299,"column":26},"end":{"line":299,"column":31}},"137":{"start":{"line":300,"column":4},"end":{"line":305,"column":5}},"138":{"start":{"line":301,"column":23},"end":{"line":301,"column":72}},"139":{"start":{"line":302,"column":6},"end":{"line":302,"column":39}},"140":{"start":{"line":303,"column":6},"end":{"line":303,"column":44}},"141":{"start":{"line":304,"column":6},"end":{"line":304,"column":29}},"142":{"start":{"line":306,"column":24},"end":{"line":306,"column":29}},"143":{"start":{"line":307,"column":4},"end":{"line":310,"column":5}},"144":{"start":{"line":308,"column":6},"end":{"line":308,"column":49}},"145":{"start":{"line":309,"column":6},"end":{"line":309,"column":27}},"146":{"start":{"line":311,"column":4},"end":{"line":314,"column":5}},"147":{"start":{"line":312,"column":6},"end":{"line":312,"column":51}},"148":{"start":{"line":313,"column":6},"end":{"line":313,"column":27}},"149":{"start":{"line":316,"column":4},"end":{"line":323,"column":5}},"150":{"start":{"line":317,"column":23},"end":{"line":319,"column":8}},"151":{"start":{"line":320,"column":6},"end":{"line":322,"column":7}},"152":{"start":{"line":321,"column":8},"end":{"line":321,"column":108}},"153":{"start":{"line":324,"column":4},"end":{"line":331,"column":5}},"154":{"start":{"line":325,"column":30},"end":{"line":327,"column":8}},"155":{"start":{"line":328,"column":6},"end":{"line":330,"column":7}},"156":{"start":{"line":329,"column":8},"end":{"line":329,"column":127}},"157":{"start":{"line":333,"column":24},"end":{"line":333,"column":68}},"158":{"start":{"line":334,"column":4},"end":{"line":334,"column":72}},"159":{"start":{"line":335,"column":28},"end":{"line":335,"column":141}},"160":{"start":{"line":336,"column":4},"end":{"line":336,"column":100}},"161":{"start":{"line":336,"column":26},"end":{"line":336,"column":100}},"162":{"start":{"line":337,"column":4},"end":{"line":337,"column":50}},"163":{"start":{"line":341,"column":4},"end":{"line":341,"column":53}},"164":{"start":{"line":342,"column":17},"end":{"line":342,"column":93}},"165":{"start":{"line":343,"column":4},"end":{"line":346,"column":5}},"166":{"start":{"line":344,"column":6},"end":{"line":344,"column":71}},"167":{"start":{"line":345,"column":6},"end":{"line":345,"column":72}},"168":{"start":{"line":348,"column":4},"end":{"line":351,"column":5}},"169":{"start":{"line":349,"column":6},"end":{"line":349,"column":99}},"170":{"start":{"line":350,"column":6},"end":{"line":350,"column":147}},"171":{"start":{"line":352,"column":4},"end":{"line":352,"column":43}},"172":{"start":{"line":353,"column":4},"end":{"line":353,"column":51}},"173":{"start":{"line":354,"column":4},"end":{"line":354,"column":71}},"174":{"start":{"line":15,"column":13},"end":{"line":15,"column":26}},"175":{"start":{"line":15,"column":13},"end":{"line":356,"column":null}}},"fnMap":{"0":{"name":"(anonymous_4)","decl":{"start":{"line":18,"column":2},"end":{"line":18,"column":null}},"loc":{"start":{"line":22,"column":61},"end":{"line":23,"column":7}}},"1":{"name":"(anonymous_5)","decl":{"start":{"line":28,"column":10},"end":{"line":28,"column":15}},"loc":{"start":{"line":28,"column":51},"end":{"line":39,"column":3}}},"2":{"name":"(anonymous_6)","decl":{"start":{"line":41,"column":2},"end":{"line":41,"column":7}},"loc":{"start":{"line":41,"column":41},"end":{"line":53,"column":3}}},"3":{"name":"(anonymous_7)","decl":{"start":{"line":55,"column":10},"end":{"line":55,"column":26}},"loc":{"start":{"line":55,"column":37},"end":{"line":74,"column":3}}},"4":{"name":"(anonymous_8)","decl":{"start":{"line":76,"column":2},"end":{"line":76,"column":7}},"loc":{"start":{"line":76,"column":74},"end":{"line":128,"column":3}}},"5":{"name":"(anonymous_9)","decl":{"start":{"line":131,"column":2},"end":{"line":131,"column":7}},"loc":{"start":{"line":131,"column":44},"end":{"line":154,"column":3}}},"6":{"name":"(anonymous_10)","decl":{"start":{"line":152,"column":36},"end":{"line":152,"column":40}},"loc":{"start":{"line":152,"column":44},"end":{"line":152,"column":71}}},"7":{"name":"(anonymous_11)","decl":{"start":{"line":156,"column":2},"end":{"line":156,"column":7}},"loc":{"start":{"line":156,"column":94},"end":{"line":167,"column":3}}},"8":{"name":"(anonymous_12)","decl":{"start":{"line":169,"column":2},"end":{"line":169,"column":7}},"loc":{"start":{"line":169,"column":106},"end":{"line":198,"column":3}}},"9":{"name":"(anonymous_13)","decl":{"start":{"line":200,"column":2},"end":{"line":200,"column":7}},"loc":{"start":{"line":200,"column":135},"end":{"line":215,"column":3}}},"10":{"name":"(anonymous_14)","decl":{"start":{"line":218,"column":2},"end":{"line":218,"column":7}},"loc":{"start":{"line":218,"column":63},"end":{"line":247,"column":3}}},"11":{"name":"(anonymous_15)","decl":{"start":{"line":245,"column":36},"end":{"line":245,"column":40}},"loc":{"start":{"line":245,"column":44},"end":{"line":245,"column":71}}},"12":{"name":"(anonymous_16)","decl":{"start":{"line":249,"column":2},"end":{"line":249,"column":7}},"loc":{"start":{"line":249,"column":57},"end":{"line":284,"column":3}}},"13":{"name":"(anonymous_17)","decl":{"start":{"line":286,"column":2},"end":{"line":286,"column":7}},"loc":{"start":{"line":286,"column":56},"end":{"line":338,"column":3}}},"14":{"name":"(anonymous_18)","decl":{"start":{"line":340,"column":2},"end":{"line":340,"column":7}},"loc":{"start":{"line":340,"column":25},"end":{"line":355,"column":3}}}},"branchMap":{"0":{"loc":{"start":{"line":34,"column":4},"end":{"line":37,"column":5}},"type":"if","locations":[{"start":{"line":34,"column":4},"end":{"line":37,"column":5}}]},"1":{"loc":{"start":{"line":56,"column":4},"end":{"line":59,"column":5}},"type":"if","locations":[{"start":{"line":56,"column":4},"end":{"line":59,"column":5}}]},"2":{"loc":{"start":{"line":56,"column":8},"end":{"line":56,"column":48}},"type":"binary-expr","locations":[{"start":{"line":56,"column":8},"end":{"line":56,"column":22}},{"start":{"line":56,"column":26},"end":{"line":56,"column":48}}]},"3":{"loc":{"start":{"line":76,"column":45},"end":{"line":76,"column":74}},"type":"default-arg","locations":[{"start":{"line":76,"column":69},"end":{"line":76,"column":74}}]},"4":{"loc":{"start":{"line":87,"column":4},"end":{"line":92,"column":5}},"type":"if","locations":[{"start":{"line":87,"column":4},"end":{"line":92,"column":5}}]},"5":{"loc":{"start":{"line":90,"column":6},"end":{"line":90,"column":96}},"type":"if","locations":[{"start":{"line":90,"column":6},"end":{"line":90,"column":96}}]},"6":{"loc":{"start":{"line":91,"column":13},"end":{"line":91,"column":86}},"type":"cond-expr","locations":[{"start":{"line":91,"column":28},"end":{"line":91,"column":44}},{"start":{"line":91,"column":47},"end":{"line":91,"column":86}}]},"7":{"loc":{"start":{"line":97,"column":4},"end":{"line":99,"column":5}},"type":"if","locations":[{"start":{"line":97,"column":4},"end":{"line":99,"column":5}}]},"8":{"loc":{"start":{"line":113,"column":6},"end":{"line":113,"column":94}},"type":"if","locations":[{"start":{"line":113,"column":6},"end":{"line":113,"column":94}}]},"9":{"loc":{"start":{"line":114,"column":13},"end":{"line":114,"column":78}},"type":"cond-expr","locations":[{"start":{"line":114,"column":28},"end":{"line":114,"column":40}},{"start":{"line":114,"column":43},"end":{"line":114,"column":78}}]},"10":{"loc":{"start":{"line":116,"column":6},"end":{"line":124,"column":7}},"type":"if","locations":[{"start":{"line":116,"column":6},"end":{"line":124,"column":7}}]},"11":{"loc":{"start":{"line":122,"column":8},"end":{"line":122,"column":114}},"type":"if","locations":[{"start":{"line":122,"column":8},"end":{"line":122,"column":114}}]},"12":{"loc":{"start":{"line":122,"column":38},"end":{"line":122,"column":113}},"type":"cond-expr","locations":[{"start":{"line":122,"column":53},"end":{"line":122,"column":70}},{"start":{"line":122,"column":73},"end":{"line":122,"column":113}}]},"13":{"loc":{"start":{"line":132,"column":12},"end":{"line":132,"column":20}},"type":"default-arg","locations":[{"start":{"line":132,"column":19},"end":{"line":132,"column":20}}]},"14":{"loc":{"start":{"line":132,"column":22},"end":{"line":132,"column":32}},"type":"default-arg","locations":[{"start":{"line":132,"column":30},"end":{"line":132,"column":32}}]},"15":{"loc":{"start":{"line":141,"column":4},"end":{"line":149,"column":5}},"type":"if","locations":[{"start":{"line":141,"column":4},"end":{"line":149,"column":5}},{"start":{"line":147,"column":11},"end":{"line":149,"column":5}}]},"16":{"loc":{"start":{"line":143,"column":6},"end":{"line":145,"column":7}},"type":"if","locations":[{"start":{"line":143,"column":6},"end":{"line":145,"column":7}}]},"17":{"loc":{"start":{"line":146,"column":38},"end":{"line":146,"column":56}},"type":"binary-expr","locations":[{"start":{"line":146,"column":38},"end":{"line":146,"column":47}},{"start":{"line":146,"column":51},"end":{"line":146,"column":56}}]},"18":{"loc":{"start":{"line":156,"column":28},"end":{"line":156,"column":63}},"type":"default-arg","locations":[{"start":{"line":156,"column":58},"end":{"line":156,"column":63}}]},"19":{"loc":{"start":{"line":156,"column":65},"end":{"line":156,"column":94}},"type":"default-arg","locations":[{"start":{"line":156,"column":89},"end":{"line":156,"column":94}}]},"20":{"loc":{"start":{"line":162,"column":4},"end":{"line":165,"column":5}},"type":"if","locations":[{"start":{"line":162,"column":4},"end":{"line":165,"column":5}}]},"21":{"loc":{"start":{"line":166,"column":11},"end":{"line":166,"column":60}},"type":"cond-expr","locations":[{"start":{"line":166,"column":26},"end":{"line":166,"column":30}},{"start":{"line":166,"column":33},"end":{"line":166,"column":60}}]},"22":{"loc":{"start":{"line":169,"column":77},"end":{"line":169,"column":106}},"type":"default-arg","locations":[{"start":{"line":169,"column":101},"end":{"line":169,"column":106}}]},"23":{"loc":{"start":{"line":170,"column":65},"end":{"line":170,"column":118}},"type":"cond-expr","locations":[{"start":{"line":170,"column":80},"end":{"line":170,"column":113}},{"start":{"line":170,"column":116},"end":{"line":170,"column":118}}]},"24":{"loc":{"start":{"line":176,"column":4},"end":{"line":197,"column":5}},"type":"if","locations":[{"start":{"line":176,"column":4},"end":{"line":197,"column":5}},{"start":{"line":187,"column":11},"end":{"line":197,"column":5}}]},"25":{"loc":{"start":{"line":186,"column":13},"end":{"line":186,"column":78}},"type":"cond-expr","locations":[{"start":{"line":186,"column":21},"end":{"line":186,"column":70}},{"start":{"line":186,"column":74},"end":{"line":186,"column":78}}]},"26":{"loc":{"start":{"line":186,"column":21},"end":{"line":186,"column":70}},"type":"cond-expr","locations":[{"start":{"line":186,"column":36},"end":{"line":186,"column":40}},{"start":{"line":186,"column":43},"end":{"line":186,"column":70}}]},"27":{"loc":{"start":{"line":192,"column":6},"end":{"line":195,"column":7}},"type":"if","locations":[{"start":{"line":192,"column":6},"end":{"line":195,"column":7}}]},"28":{"loc":{"start":{"line":194,"column":15},"end":{"line":194,"column":95}},"type":"cond-expr","locations":[{"start":{"line":194,"column":28},"end":{"line":194,"column":87}},{"start":{"line":194,"column":91},"end":{"line":194,"column":95}}]},"29":{"loc":{"start":{"line":194,"column":28},"end":{"line":194,"column":87}},"type":"cond-expr","locations":[{"start":{"line":194,"column":43},"end":{"line":194,"column":52}},{"start":{"line":194,"column":55},"end":{"line":194,"column":87}}]},"30":{"loc":{"start":{"line":196,"column":13},"end":{"line":196,"column":101}},"type":"cond-expr","locations":[{"start":{"line":196,"column":34},"end":{"line":196,"column":93}},{"start":{"line":196,"column":97},"end":{"line":196,"column":101}}]},"31":{"loc":{"start":{"line":196,"column":34},"end":{"line":196,"column":93}},"type":"cond-expr","locations":[{"start":{"line":196,"column":49},"end":{"line":196,"column":58}},{"start":{"line":196,"column":61},"end":{"line":196,"column":93}}]},"32":{"loc":{"start":{"line":200,"column":69},"end":{"line":200,"column":104}},"type":"default-arg","locations":[{"start":{"line":200,"column":99},"end":{"line":200,"column":104}}]},"33":{"loc":{"start":{"line":200,"column":106},"end":{"line":200,"column":135}},"type":"default-arg","locations":[{"start":{"line":200,"column":130},"end":{"line":200,"column":135}}]},"34":{"loc":{"start":{"line":210,"column":4},"end":{"line":213,"column":5}},"type":"if","locations":[{"start":{"line":210,"column":4},"end":{"line":213,"column":5}}]},"35":{"loc":{"start":{"line":214,"column":11},"end":{"line":214,"column":76}},"type":"cond-expr","locations":[{"start":{"line":214,"column":19},"end":{"line":214,"column":68}},{"start":{"line":214,"column":72},"end":{"line":214,"column":76}}]},"36":{"loc":{"start":{"line":214,"column":19},"end":{"line":214,"column":68}},"type":"cond-expr","locations":[{"start":{"line":214,"column":34},"end":{"line":214,"column":38}},{"start":{"line":214,"column":41},"end":{"line":214,"column":68}}]},"37":{"loc":{"start":{"line":220,"column":4},"end":{"line":222,"column":5}},"type":"if","locations":[{"start":{"line":220,"column":4},"end":{"line":222,"column":5}}]},"38":{"loc":{"start":{"line":220,"column":8},"end":{"line":220,"column":35}},"type":"binary-expr","locations":[{"start":{"line":220,"column":8},"end":{"line":220,"column":13}},{"start":{"line":220,"column":17},"end":{"line":220,"column":35}}]},"39":{"loc":{"start":{"line":224,"column":12},"end":{"line":224,"column":20}},"type":"default-arg","locations":[{"start":{"line":224,"column":19},"end":{"line":224,"column":20}}]},"40":{"loc":{"start":{"line":224,"column":22},"end":{"line":224,"column":32}},"type":"default-arg","locations":[{"start":{"line":224,"column":30},"end":{"line":224,"column":32}}]},"41":{"loc":{"start":{"line":234,"column":4},"end":{"line":242,"column":5}},"type":"if","locations":[{"start":{"line":234,"column":4},"end":{"line":242,"column":5}},{"start":{"line":240,"column":11},"end":{"line":242,"column":5}}]},"42":{"loc":{"start":{"line":236,"column":6},"end":{"line":238,"column":7}},"type":"if","locations":[{"start":{"line":236,"column":6},"end":{"line":238,"column":7
[...]
decl":{"start":{"line":194,"column":42},"end":{"line":194,"column":50}},"loc":{"start":{"line":194,"column":54},"end":{"line":194,"column":85}}},"11":{"name":"(anonymous_15)","decl":{"start":{"line":198,"column":2},"end":{"line":198,"column":7}},"loc":{"start":{"line":198,"column":61},"end":{"line":229,"column":3}}},"12":{"name":"(anonymous_16)","decl":{"start":{"line":231,"column":2},"end":{"line":231,"column":7}},"loc":{"start":{"line":231,"column":60},"end":{"line":268,"column":3}}},"13":{"name":"(anonymous_17)","decl":{"start":{"line":270,"column":2},"end":{"line":270,"column":7}},"loc":{"start":{"line":270,"column":25},"end":{"line":285,"column":3}}}},"branchMap":{"0":{"loc":{"start":{"line":30,"column":4},"end":{"line":33,"column":5}},"type":"if","locations":[{"start":{"line":30,"column":4},"end":{"line":33,"column":5}}]},"1":{"loc":{"start":{"line":54,"column":4},"end":{"line":57,"column":5}},"type":"if","locations":[{"start":{"line":54,"column":4},"end":{"line":57,"column":5}}]},"2":{"loc":{"start":{"line":70,"column":53},"end":{"line":70,"column":82}},"type":"default-arg","locations":[{"start":{"line":70,"column":77},"end":{"line":70,"column":82}}]},"3":{"loc":{"start":{"line":77,"column":4},"end":{"line":82,"column":5}},"type":"if","locations":[{"start":{"line":77,"column":4},"end":{"line":82,"column":5}}]},"4":{"loc":{"start":{"line":80,"column":6},"end":{"line":80,"column":99}},"type":"if","locations":[{"start":{"line":80,"column":6},"end":{"line":80,"column":99}}]},"5":{"loc":{"start":{"line":81,"column":13},"end":{"line":81,"column":86}},"type":"cond-expr","locations":[{"start":{"line":81,"column":28},"end":{"line":81,"column":44}},{"start":{"line":81,"column":47},"end":{"line":81,"column":86}}]},"6":{"loc":{"start":{"line":87,"column":4},"end":{"line":89,"column":5}},"type":"if","locations":[{"start":{"line":87,"column":4},"end":{"line":89,"column":5}}]},"7":{"loc":{"start":{"line":103,"column":6},"end":{"line":103,"column":99}},"type":"if","locations":[{"start":{"line":103,"column":6},"end":{"line":103,"column":99}}]},"8":{"loc":{"start":{"line":104,"column":13},"end":{"line":104,"column":86}},"type":"cond-expr","locations":[{"start":{"line":104,"column":28},"end":{"line":104,"column":44}},{"start":{"line":104,"column":47},"end":{"line":104,"column":86}}]},"9":{"loc":{"start":{"line":106,"column":6},"end":{"line":114,"column":7}},"type":"if","locations":[{"start":{"line":106,"column":6},"end":{"line":114,"column":7}}]},"10":{"loc":{"start":{"line":112,"column":8},"end":{"line":112,"column":102}},"type":"if","locations":[{"start":{"line":112,"column":8},"end":{"line":112,"column":102}}]},"11":{"loc":{"start":{"line":112,"column":34},"end":{"line":112,"column":101}},"type":"cond-expr","locations":[{"start":{"line":112,"column":49},"end":{"line":112,"column":62}},{"start":{"line":112,"column":65},"end":{"line":112,"column":101}}]},"12":{"loc":{"start":{"line":121,"column":12},"end":{"line":121,"column":20}},"type":"default-arg","locations":[{"start":{"line":121,"column":19},"end":{"line":121,"column":20}}]},"13":{"loc":{"start":{"line":121,"column":22},"end":{"line":121,"column":32}},"type":"default-arg","locations":[{"start":{"line":121,"column":30},"end":{"line":121,"column":32}}]},"14":{"loc":{"start":{"line":130,"column":4},"end":{"line":138,"column":5}},"type":"if","locations":[{"start":{"line":130,"column":4},"end":{"line":138,"column":5}},{"start":{"line":136,"column":11},"end":{"line":138,"column":5}}]},"15":{"loc":{"start":{"line":132,"column":6},"end":{"line":134,"column":7}},"type":"if","locations":[{"start":{"line":132,"column":6},"end":{"line":134,"column":7}}]},"16":{"loc":{"start":{"line":135,"column":38},"end":{"line":135,"column":56}},"type":"binary-expr","locations":[{"start":{"line":135,"column":38},"end":{"line":135,"column":47}},{"start":{"line":135,"column":51},"end":{"line":135,"column":56}}]},"17":{"loc":{"start":{"line":145,"column":28},"end":{"line":145,"column":63}},"type":"default-arg","locations":[{"start":{"line":145,"column":58},"end":{"line":145,"column":63}}]},"18":{"loc":{"start":{"line":145,"column":65},"end":{"line":145,"column":94}},"type":"default-arg","locations":[{"start":{"line":145,"column":89},"end":{"line":145,"column":94}}]},"19":{"loc":{"start":{"line":151,"column":4},"end":{"line":154,"column":5}},"type":"if","locations":[{"start":{"line":151,"column":4},"end":{"line":154,"column":5}}]},"20":{"loc":{"start":{"line":155,"column":11},"end":{"line":155,"column":68}},"type":"cond-expr","locations":[{"start":{"line":155,"column":26},"end":{"line":155,"column":34}},{"start":{"line":155,"column":37},"end":{"line":155,"column":68}}]},"21":{"loc":{"start":{"line":158,"column":67},"end":{"line":158,"column":102}},"type":"default-arg","locations":[{"start":{"line":158,"column":97},"end":{"line":158,"column":102}}]},"22":{"loc":{"start":{"line":158,"column":104},"end":{"line":158,"column":133}},"type":"default-arg","locations":[{"start":{"line":158,"column":128},"end":{"line":158,"column":133}}]},"23":{"loc":{"start":{"line":164,"column":11},"end":{"line":164,"column":88}},"type":"cond-expr","locations":[{"start":{"line":164,"column":23},"end":{"line":164,"column":80}},{"start":{"line":164,"column":84},"end":{"line":164,"column":88}}]},"24":{"loc":{"start":{"line":164,"column":23},"end":{"line":164,"column":80}},"type":"cond-expr","locations":[{"start":{"line":164,"column":38},"end":{"line":164,"column":46}},{"start":{"line":164,"column":49},"end":{"line":164,"column":80}}]},"25":{"loc":{"start":{"line":169,"column":4},"end":{"line":171,"column":5}},"type":"if","locations":[{"start":{"line":169,"column":4},"end":{"line":171,"column":5}}]},"26":{"loc":{"start":{"line":169,"column":8},"end":{"line":169,"column":35}},"type":"binary-expr","locations":[{"start":{"line":169,"column":8},"end":{"line":169,"column":13}},{"start":{"line":169,"column":17},"end":{"line":169,"column":35}}]},"27":{"loc":{"start":{"line":173,"column":12},"end":{"line":173,"column":20}},"type":"default-arg","locations":[{"start":{"line":173,"column":19},"end":{"line":173,"column":20}}]},"28":{"loc":{"start":{"line":173,"column":22},"end":{"line":173,"column":32}},"type":"default-arg","locations":[{"start":{"line":173,"column":30},"end":{"line":173,"column":32}}]},"29":{"loc":{"start":{"line":183,"column":4},"end":{"line":191,"column":5}},"type":"if","locations":[{"start":{"line":183,"column":4},"end":{"line":191,"column":5}},{"start":{"line":189,"column":11},"end":{"line":191,"column":5}}]},"30":{"loc":{"start":{"line":185,"column":6},"end":{"line":187,"column":7}},"type":"if","locations":[{"start":{"line":185,"column":6},"end":{"line":187,"column":7}}]},"31":{"loc":{"start":{"line":188,"column":38},"end":{"line":188,"column":56}},"type":"binary-expr","locations":[{"start":{"line":188,"column":38},"end":{"line":188,"column":47}},{"start":{"line":188,"column":51},"end":{"line":188,"column":56}}]},"32":{"loc":{"start":{"line":201,"column":4},"end":{"line":201,"column":96}},"type":"if","locations":[{"start":{"line":201,"column":4},"end":{"line":201,"column":96}}]},"33":{"loc":{"start":{"line":205,"column":4},"end":{"line":210,"column":5}},"type":"if","locations":[{"start":{"line":205,"column":4},"end":{"line":210,"column":5}}]},"34":{"loc":{"start":{"line":205,"column":8},"end":{"line":205,"column":110}},"type":"binary-expr","locations":[{"start":{"line":205,"column":8},"end":{"line":205,"column":56}},{"start":{"line":205,"column":60},"end":{"line":205,"column":110}}]},"35":{"loc":{"start":{"line":209,"column":6},"end":{"line":209,"column":106}},"type":"if","locations":[{"start":{"line":209,"column":6},"end":{"line":209,"column":106}}]},"36":{"loc":{"start":{"line":211,"column":4},"end":{"line":216,"column":5}},"type":"if","locations":[{"start":{"line":211,"column":4},"end":{"line":216,"column":5}}]},"37":{"loc":{"start":{"line":211,"column":8},"end":{"line":211,"column":102}},"type":"binary-expr","locations":[{"start":{"line":211,"column":8},"end":{"line":211,"column":48}},{"start":{"line":211,"column":52},"end":{"line":211,"column":102}}]},"38":{"loc":{"start":{"line":215,"column":6},"end":{"line":215,"column":103}},"type":"if","locations":[{"start":{"line":215,"column":6},"end":{"line":215,"column":103}}]},"39":{"loc":{"start":{"line":227,"column":4},"end":{"line":227,"column":101}},"type":"if","locations":[{"start":{"line":227,"column":4},"end":{"line":227,"column":101}}]},"40":{"loc":{"start":{"line":234,"column":4},"end":{"line":237,"column":5}},"type":"if","locations":[{"start":{"line":234,"column":4},"end":{"line":237,"column":5}}]},"41":{"loc":{"start":{"line":240,"column":4},"end":{"line":240,"column":101}},"type":"if","locations":[{"start":{"line":240,"column":4},"end":{"line":240,"column":101}}]},"42":{"loc":{"start":{"line":241,"column":4},"end":{"line":246,"column":5}},"type":"if","locations":[{"start":{"line":241,"column":4},"end":{"line":246,"column":5}}]},"43":{"loc":{"start":{"line":241,"column":8},"end":{"line":241,"column":95}},"type":"binary-expr","locations":[{"start":{"line":241,"column":8},"end":{"line":241,"column":41}},{"start":{"line":241,"column":45},"end":{"line":241,"column":95}}]},"44":{"loc":{"start":{"line":247,"column":4},"end":{"line":247,"column":115}},"type":"if","locations":[{"start":{"line":247,"column":4},"end":{"line":247,"column":115}}]},"45":{"loc":{"start":{"line":248,"column":4},"end":{"line":248,"column":118}},"type":"if","locations":[{"start":{"line":248,"column":4},"end":{"line":248,"column":118}}]},"46":{"loc":{"start":{"line":250,"column":4},"end":{"line":255,"column":5}},"type":"if","locations":[{"start":{"line":250,"column":4},"end":{"line":255,"column":5}}]},"47":{"loc":{"start":{"line":254,"column":6},"end":{"line":254,"column":106}},"type":"if","locations":[{"start":{"line":254,"column":6},"end":{"line":254,"column":106}}]},"48":{"loc":{"start":{"line":256,"column":4},"end":{"line":261,"column":5}},"type":"if","locations":[{"start":{"line":256,"column":4},"end":{"line":261,"column":5}}]},"49":{"loc":{"start":{"line":256,"column":8},"end":{"line":256,"column":57}},"type":"binary-expr","locations":[{"start":{"line":256,"column":9},"end":{"line":256,"column":20}},{"start":{"line":256,"column":24},"end":{"line":256,"column":38}},{"start":{"line":256,"column":43},"end":{"line":256,"column":57}}]},"50":{"loc":{"start":{"line":260,"column":6},"end":{"line":260,"column":110}},"type":"if","locations":[{"start":{"line":260,"column":6},"end":{"line":260,"column":110}}]},"51":{"loc":{"start":{"line":266,"column":4},"end":{"line":266,"column":101}},"type":"if","locations":[{"start":{"line":266,"column":4},"end":{"line":266,"column":101}}]},"52":{"loc":{"start":{"line":273,"column":4},"end":{"line":276,"column":5}},"type":"if","locations":[{"start":{"line":273,"column":4},"end":{"line":276,"column":5}}]},"53":{"loc":{"start":{"line":278,"column":4},"end":{"line":281,"column":5}},"type":"if","locations":[{"start":{"line":278,"column":4},"end":{"line":281,"column":5}}]},"54":{"loc":{"start":{"line":278,"column":8},"end":{"line":278,"column":53}},"type":"binary-expr","locations":[{"start":{"line":278,"column":8},"end":{"line":278,"column":23}},{"start":{"line":278,"column":27},"end":{"line":278,"column":53}}]},"55":{"loc":{"start":{"line":20,"column":41},"end":{"line":20,"column":61}},"type":"cond-expr","locations":[{"start":{"line":20,"column":51},"end":{"line":20,"column":61}},{"start":{"line":20,"column":51},"end":{"line":20,"column":61}}]},"56":{"loc":{"start":{"line":20,"column":41},"end":{"line":20,"column":51}},"type":"binary-expr","locations":[{"start":{"line":20,"column":41},"end":{"line":20,"column":61}},{"start":{"line":20,"column":41},"end":{"line":20,"column":51}}]},"57":{"loc":{"start":{"line":20,"column":51},"end":{"line":22,"column":59}},"type":"cond-expr","locations":[{"start":{"line":22,"column":50},"end":{"line":22,"column":59}},{"start":{"line":22,"column":50},"end":{"line":22,"column":59}}]},"58":{"loc":{"start":{"line":20,"column":51},"end":{"line":22,"column":50}},"type":"binary-expr","locations":[{"start":{"line":20,"column":51},"end":{"line":22,"column":59}},{"start":{"line":22,"column":40},"end":{"line":22,"column":50}}]}},"s":{"0":0,"1":0,"2":0,"3":0,"4":0,"5":0,"6":0,"7":0,"8":0,"9":0,"10":0,"11":0,"12":0,"13":0,"14":0,"15":0,"16":0,"17":0,"18":0,"19":0,"20":0,"21":0,"22":0,"23":0,"24":0,"25":0,"26":0,"27":0,"28":0,"29":0,"30":0,"31":0,"32":0,"33":0,"34":0,"35":0,"36":0,"37":0,"38":0,"39":0,"40":0,"41":0,"42":0,"43":0,"44":0,"45":0,"46":0,"47":0,"48":0,"49":0,"50":0,"51":0,"52":0,"53":0,"54":0,"55":0,"56":0,"57":0,"58":0,"59":0,"60":0,"61":0,"62":0,"63":0,"64":0,"65":0,"66":0,"67":0,"68":0,"69":0,"70":0,"71":0,"72":0,"73":0,"74":0,"75":0,"76":0,"77":0,"78":0,"79":0,"80":0,"81":0,"82":0,"83":0,"84":0,"85":0,"86":0,"87":0,"88":0,"89":0,"90":0,"91":0,"92":0,"93":0,"94":0,"95":0,"96":0,"97":0,"98":0,"99":0,"100":0,"101":0,"102":0,"103":0,"104":0,"105":0,"106":0,"107":0,"108":0,"109":0,"110":0,"111":0,"112":0,"113":0,"114":0,"115":0,"116":0,"117":0,"118":0,"119":0,"120":0,"121":0,"122":0,"123":0,"124":0,"125":0,"126":0,"127":0,"128":0,"129":0,"130":0,"131":0,"132":0,"133":0,"134":0,"135":0,"136":0,"137":0,"138":0,"139":0,"140":0,"141":0,"142":0,"143":0,"144":0,"145":0,"146":0,"147":0,"148":0,"149":0,"150":0,"151":0,"152":0,"153":0,"154":0,"155":0,"156":0,"157":0,"158":0,"159":0,"160":0,"161":0,"162":0},"f":{"0":0,"1":0,"2":0,"3":0,"4":0,"5":0,"6":0,"7":0,"8":0,"9":0,"10":0,"11":0,"12":0,"13":0},"b":{"0":[0],"1":[0],"2":[0],"3":[0],"4":[0],"5":[0,0],"6":[0],"7":[0],"8":[0,0],"9":[0],"10":[0],"11":[0,0],"12":[0],"13":[0],"14":[0,0],"15":[0],"16":[0,0],"17":[0],"18":[0],"19":[0],"20":[0,0],"21":[0],"22":[0],"23":[0,0],"24":[0,0],"25":[0],"26":[0,0],"27":[0],"28":[0],"29":[0,0],"30":[0],"31":[0,0],"32":[0],"33":[0],"34":[0,0],"35":[0],"36":[0],"37":[0,0],"38":[0],"39":[0],"40":[0],"41":[0],"42":[0],"43":[0,0],"44":[0],"45":[0],"46":[0],"47":[0],"48":[0],"49":[0,0,0],"50":[0],"51":[0],"52":[0],"53":[0],"54":[0,0],"55":[0,0],"56":[0,0],"57":[0,0],"58":[0,0]}}
,"C:\\Users\\guido\\Guido\\Universidad\\Programas\\Testing\\Backend\\src\\scripts\\create-initial-admin.ts": {"path":"C:\\Users\\guido\\Guido\\Universidad\\Programas\\Testing\\Backend\\src\\scripts\\create-initial-admin.ts","statementMap":{"0":{"start":{"line":2,"column":0},"end":{"line":2,"column":26}},"1":{"start":{"line":4,"column":0},"end":{"line":4,"column":33}},"2":{"start":{"line":5,"column":0},"end":{"line":5,"column":33}},"3":{"start":{"line":6,"column":0},"end":{"line":6,"column":29}},"4":{"start":{"line":9,"column":16},"end":{"line":9,"column":70}},"5":{"start":{"line":10,"column":0},"end":{"line":10,"column":62}},"6":{"start":{"line":12,"column":0},"end":{"line":12,"column":63}},"7":{"start":{"line":13,"column":0},"end":{"line":13,"column":47}},"8":{"start":{"line":16,"column":0},"end":{"line":16,"column":40}},"9":{"start":{"line":19,"column":2},"end":{"line":19,"column":78}},"10":{"start":{"line":21,"column":2},"end":{"line":88,"column":3}},"11":{"start":{"line":22,"column":4},"end":{"line":22,"column":34}},"12":{"start":{"line":23,"column":4},"end":{"line":23,"column":60}},"13":{"start":{"line":25,"column":29},"end":{"line":25,"column":61}},"14":{"start":{"line":26,"column":27},"end":{"line":26,"column":57}},"15":{"start":{"line":28,"column":23},"end":{"line":28,"column":69}},"16":{"start":{"line":29,"column":26},"end":{"line":29,"column":67}},"17":{"start":{"line":32,"column":26},"end":{"line":35,"column":6}},"18":{"start":{"line":37,"column":4},"end":{"line":41,"column":5}},"19":{"start":{"line":38,"column":6},"end":{"line":38,"column":109}},"20":{"start":{"line":39,"column":6},"end":{"line":39,"column":33}},"21":{"start":{"line":40,"column":6},"end":{"line":40,"column":13}},"22":{"start":{"line":44,"column":27},"end":{"line":44,"column":63}},"23":{"start":{"line":48,"column":32},"end":{"line":48,"column":36}},"24":{"start":{"line":49,"column":28},"end":{"line":49,"column":32}},"25":{"start":{"line":50,"column":4},"end":{"line":62,"column":5}},"26":{"start":{"line":51,"column":26},"end":{"line":51,"column":64}},"27":{"start":{"line":53,"column":6},"end":{"line":59,"column":7}},"28":{"start":{"line":54,"column":8},"end":{"line":54,"column":30}},"29":{"start":{"line":55,"column":8},"end":{"line":55,"column":25}},"30":{"start":{"line":56,"column":8},"end":{"line":56,"column":96}},"31":{"start":{"line":58,"column":8},"end":{"line":58,"column":123}},"32":{"start":{"line":61,"column":6},"end":{"line":61,"column":157}},"33":{"start":{"line":64,"column":21},"end":{"line":73,"column":6}},"34":{"start":{"line":75,"column":4},"end":{"line":75,"column":42}},"35":{"start":{"line":76,"column":4},"end":{"line":76,"column":100}},"36":{"start":{"line":79,"column":4},"end":{"line":79,"column":118}},"37":{"start":{"line":80,"column":4},"end":{"line":82,"column":5}},"38":{"start":{"line":81,"column":6},"end":{"line":81,"column":33}},"39":{"start":{"line":84,"column":4},"end":{"line":87,"column":5}},"40":{"start":{"line":85,"column":6},"end":{"line":85,"column":33}},"41":{"start":{"line":86,"column":6},"end":{"line":86,"column":58}},"42":{"start":{"line":91,"column":0},"end":{"line":91,"column":21}}},"fnMap":{"0":{"name":"createInitialAdmin","decl":{"start":{"line":18,"column":15},"end":{"line":18,"column":33}},"loc":{"start":{"line":18,"column":33},"end":{"line":89,"column":1}}}},"branchMap":{"0":{"loc":{"start":{"line":9,"column":16},"end":{"line":9,"column":70}},"type":"cond-expr","locations":[{"start":{"line":9,"column":50},"end":{"line":9,"column":61}},{"start":{"line":9,"column":64},"end":{"line":9,"column":70}}]},"1":{"loc":{"start":{"line":28,"column":23},"end":{"line":28,"column":69}},"type":"binary-expr","locations":[{"start":{"line":28,"column":23},"end":{"line":28,"column":46}},{"start":{"line":28,"column":50},"end":{"line":28,"column":69}}]},"2":{"loc":{"start":{"line":29,"column":26},"end":{"line":29,"column":67}},"type":"binary-expr","locations":[{"start":{"line":29,"column":26},"end":{"line":29,"column":52}},{"start":{"line":29,"column":56},"end":{"line":29,"column":67}}]},"3":{"loc":{"start":{"line":37,"column":4},"end":{"line":41,"column":5}},"type":"if","locations":[{"start":{"line":37,"column":4},"end":{"line":41,"column":5}}]},"4":{"loc":{"start":{"line":53,"column":6},"end":{"line":59,"column":7}},"type":"if","locations":[{"start":{"line":53,"column":6},"end":{"line":59,"column":7}},{"start":{"line":57,"column":13},"end":{"line":59,"column":7}}]},"5":{"loc":{"start":{"line":61,"column":89},"end":{"line":61,"column":155}},"type":"cond-expr","locations":[{"start":{"line":61,"column":118},"end":{"line":61,"column":135}},{"start":{"line":61,"column":138},"end":{"line":61,"column":155}}]},"6":{"loc":{"start":{"line":79,"column":70},"end":{"line":79,"column":116}},"type":"cond-expr","locations":[{"start":{"line":79,"column":95},"end":{"line":79,"column":108}},{"start":{"line":79,"column":111},"end":{"line":79,"column":116}}]},"7":{"loc":{"start":{"line":80,"column":4},"end":{"line":82,"column":5}},"type":"if","locations":[{"start":{"line":80,"column":4},"end":{"line":82,"column":5}}]},"8":{"loc":{"start":{"line":80,"column":8},"end":{"line":80,"column":45}},"type":"binary-expr","locations":[{"start":{"line":80,"column":8},"end":{"line":80,"column":30}},{"start":{"line":80,"column":34},"end":{"line":80,"column":45}}]},"9":{"loc":{"start":{"line":84,"column":4},"end":{"line":87,"column":5}},"type":"if","locations":[{"start":{"line":84,"column":4},"end":{"line":87,"column":5}}]}},"s":{"0":0,"1":0,"2":0,"3":0,"4":0,"5":0,"6":0,"7":0,"8":0,"9":0,"10":0,"11":0,"12":0,"13":0,"14":0,"15":0,"16":0,"17":0,"18":0,"19":0,"20":0,"21":0,"22":0,"23":0,"24":0,"25":0,"26":0,"27":0,"28":0,"29":0,"30":0,"31":0,"32":0,"33":0,"34":0,"35":0,"36":0,"37":0,"38":0,"39":0,"40":0,"41":0,"42":0},"f":{"0":0},"b":{"0":[0,0],"1":[0,0],"2":[0,0],"3":[0],"4":[0,0],"5":[0,0],"6":[0,0],"7":[0],"8":[0,0],"9":[0]}}
}
