TN:
SF:src\app.controller.ts
FN:7,(anonymous_2)
FN:10,(anonymous_3)
FNF:2
FNH:0
FNDA:0,(anonymous_2)
FNDA:0,(anonymous_3)
DA:2,0
DA:3,0
DA:6,0
DA:7,0
DA:10,0
DA:11,0
LF:6
LH:0
BRDA:7,0,0,0
BRDA:7,0,1,0
BRDA:7,1,0,0
BRDA:7,1,1,0
BRF:4
BRH:0
end_of_record
TN:
SF:src\app.module.ts
FN:29,(anonymous_1)
FNF:1
FNH:0
FNDA:0,(anonymous_1)
DA:2,0
DA:3,0
DA:4,0
DA:5,0
DA:6,0
DA:9,0
DA:10,0
DA:11,0
DA:12,0
DA:13,0
DA:16,0
DA:17,0
DA:29,0
DA:57,0
LF:14
LH:0
BRDA:23,0,0,0
BRDA:23,0,1,0
BRF:2
BRH:0
end_of_record
TN:
SF:src\app.service.ts
FN:6,(anonymous_1)
FNF:1
FNH:0
FNDA:0,(anonymous_1)
DA:2,0
DA:5,0
DA:7,0
LF:3
LH:0
BRF:0
BRH:0
end_of_record
TN:
SF:src\data-source.ts
FNF:0
FNH:0
DA:2,0
DA:3,0
DA:4,0
DA:5,0
DA:8,0
DA:9,0
DA:11,0
DA:13,0
DA:26,0
DA:27,0
LF:10
LH:0
BRDA:8,0,0,0
BRDA:8,0,1,0
BRF:2
BRH:0
end_of_record
TN:
SF:src\main.ts
FN:9,bootstrap
FNF:1
FNH:0
FNDA:0,bootstrap
DA:2,0
DA:3,0
DA:4,0
DA:5,0
DA:6,0
DA:7,0
DA:10,0
DA:11,0
DA:12,0
DA:14,0
DA:15,0
DA:21,0
DA:22,0
DA:31,0
DA:32,0
DA:34,0
DA:35,0
DA:37,0
LF:18
LH:0
BRF:0
BRH:0
end_of_record
TN:
SF:src\auth\auth.controller.ts
FN:15,(anonymous_4)
FN:23,(anonymous_5)
FN:32,(anonymous_6)
FN:57,(anonymous_7)
FN:71,(anonymous_8)
FN:76,(anonymous_9)
FN:94,(anonymous_10)
FNF:7
FNH:0
FNDA:0,(anonymous_4)
FNDA:0,(anonymous_5)
FNDA:0,(anonymous_6)
FNDA:0,(anonymous_7)
FNDA:0,(anonymous_8)
FNDA:0,(anonymous_9)
FNDA:0,(anonymous_10)
DA:2,0
DA:3,0
DA:5,0
DA:6,0
DA:7,0
DA:8,0
DA:9,0
DA:12,0
DA:13,0
DA:16,0
DA:17,0
DA:23,0
DA:24,0
DA:25,0
DA:26,0
DA:32,0
DA:36,0
DA:37,0
DA:39,0
DA:40,0
DA:47,0
DA:48,0
DA:49,0
DA:57,0
DA:58,0
DA:59,0
DA:64,0
DA:65,0
DA:66,0
DA:71,0
DA:72,0
DA:73,0
DA:77,0
DA:78,0
DA:79,0
DA:81,0
DA:82,0
DA:83,0
DA:84,0
DA:85,0
DA:87,0
DA:88,0
DA:94,0
DA:95,0
LF:44
LH:0
BRDA:79,0,0,0
BRDA:81,1,0,0
BRDA:81,1,1,0
BRDA:81,1,2,0
BRDA:81,1,3,0
BRDA:81,1,4,0
BRDA:88,2,0,0
BRDA:88,2,1,0
BRDA:23,3,0,0
BRDA:23,3,1,0
BRDA:23,4,0,0
BRDA:23,4,1,0
BRDA:33,5,0,0
BRDA:33,5,1,0
BRDA:33,6,0,0
BRDA:33,6,1,0
BRDA:16,7,0,0
BRDA:16,7,1,0
BRDA:16,8,0,0
BRDA:16,8,1,0
BRDA:16,9,0,0
BRDA:16,9,1,0
BRDA:16,10,0,0
BRDA:16,10,1,0
BRF:24
BRH:0
end_of_record
TN:
SF:src\auth\auth.module.ts
FN:16,(anonymous_1)
FN:21,(anonymous_2)
FNF:2
FNH:0
FNDA:0,(anonymous_1)
FNDA:0,(anonymous_2)
DA:2,0
DA:3,0
DA:4,0
DA:5,0
DA:6,0
DA:7,0
DA:8,0
DA:9,0
DA:10,0
DA:16,0
DA:21,0
DA:33,0
LF:12
LH:0
BRF:0
BRH:0
end_of_record
TN:
SF:src\auth\auth.service.ts
FN:15,(anonymous_12)
FN:21,(anonymous_13)
FN:49,(anonymous_14)
FN:105,(anonymous_15)
FNF:4
FNH:0
FNDA:0,(anonymous_12)
FNDA:0,(anonymous_13)
FNDA:0,(anonymous_14)
FNDA:0,(anonymous_15)
DA:2,0
DA:3,0
DA:4,0
DA:5,0
DA:9,0
DA:12,0
DA:13,0
DA:16,0
DA:17,0
DA:18,0
DA:22,0
DA:23,0
DA:25,0
DA:26,0
DA:27,0
DA:30,0
DA:31,0
DA:32,0
DA:33,0
DA:36,0
DA:43,0
DA:44,0
DA:50,0
DA:52,0
DA:54,0
DA:55,0
DA:56,0
DA:57,0
DA:60,0
DA:61,0
DA:62,0
DA:63,0
DA:64,0
DA:65,0
DA:67,0
DA:68,0
DA:71,0
DA:72,0
DA:74,0
DA:75,0
DA:82,0
DA:83,0
DA:88,0
DA:90,0
DA:96,0
DA:101,0
DA:106,0
DA:107,0
DA:108,0
DA:109,0
DA:111,0
LF:51
LH:0
BRDA:25,0,0,0
BRDA:31,1,0,0
BRDA:55,2,0,0
BRDA:61,3,0,0
BRDA:63,4,0,0
BRDA:64,5,0,0
BRDA:64,5,1,0
BRDA:65,6,0,0
BRDA:65,6,1,0
BRDA:88,7,0,0
BRDA:88,7,1,0
BRDA:107,8,0,0
BRDA:107,9,0,0
BRDA:107,9,1,0
BRDA:16,10,0,0
BRDA:16,10,1,0
BRDA:16,11,0,0
BRDA:16,11,1,0
BRDA:16,12,0,0
BRDA:16,12,1,0
BRDA:16,13,0,0
BRDA:16,13,1,0
BRDA:17,14,0,0
BRDA:17,14,1,0
BRDA:17,15,0,0
BRDA:17,15,1,0
BRF:26
BRH:0
end_of_record
TN:
SF:src\auth\decorators\public.decorator.ts
FN:6,(anonymous_0)
FNF:1
FNH:0
FNDA:0,(anonymous_0)
DA:2,0
DA:4,0
DA:6,0
LF:3
LH:0
BRF:0
BRH:0
end_of_record
TN:
SF:src\auth\decorators\roles.decorator.ts
FN:7,(anonymous_0)
FNF:1
FNH:0
FNDA:0,(anonymous_0)
DA:2,0
DA:5,0
DA:7,0
LF:3
LH:0
BRF:0
BRH:0
end_of_record
TN:
SF:src\auth\decorators\user.decorator.ts
FN:5,(anonymous_0)
FNF:1
FNH:0
FNDA:0,(anonymous_0)
DA:2,0
DA:4,0
DA:6,0
DA:7,0
LF:4
LH:0
BRF:0
BRH:0
end_of_record
TN:
SF:src\auth\dto\login.dto.ts
FNF:0
FNH:0
DA:2,0
DA:4,0
DA:7,0
DA:13,0
LF:4
LH:0
BRF:0
BRH:0
end_of_record
TN:
SF:src\auth\dto\register-person.dto.ts
FN:37,(anonymous_2)
FNF:1
FNH:0
FNDA:0,(anonymous_2)
DA:2,0
DA:5,0
DA:9,0
DA:14,0
DA:19,0
DA:27,0
DA:31,0
DA:35,0
DA:37,0
DA:40,0
LF:10
LH:0
BRDA:37,0,0,0
BRDA:37,0,1,0
BRF:2
BRH:0
end_of_record
TN:
SF:src\auth\guards\jwt-auth.guard.ts
FN:12,(anonymous_2)
FN:16,(anonymous_3)
FN:35,(anonymous_4)
FNF:3
FNH:0
FNDA:0,(anonymous_2)
FNDA:0,(anonymous_3)
FNDA:0,(anonymous_4)
DA:2,0
DA:3,0
DA:5,0
DA:6,0
DA:9,0
DA:10,0
DA:12,0
DA:13,0
DA:18,0
DA:24,0
DA:25,0
DA:31,0
DA:32,0
DA:36,0
DA:37,0
DA:38,0
DA:40,0
DA:41,0
LF:18
LH:0
BRDA:24,0,0,0
BRDA:36,1,0,0
BRDA:36,2,0,0
BRDA:36,2,1,0
BRDA:37,3,0,0
BRDA:37,3,1,0
BRDA:37,4,0,0
BRDA:37,4,1,0
BRDA:37,5,0,0
BRDA:37,5,1,0
BRDA:38,6,0,0
BRDA:38,6,1,0
BRDA:38,7,0,0
BRDA:38,7,1,0
BRDA:38,8,0,0
BRDA:38,8,1,0
BRDA:38,9,0,0
BRDA:38,9,1,0
BRDA:12,10,0,0
BRDA:12,10,1,0
BRDA:12,11,0,0
BRDA:12,11,1,0
BRF:22
BRH:0
end_of_record
TN:
SF:src\auth\guards\roles.guard.ts
FN:11,(anonymous_2)
FN:13,(anonymous_3)
FN:31,(anonymous_4)
FNF:3
FNH:0
FNDA:0,(anonymous_2)
FNDA:0,(anonymous_3)
FNDA:0,(anonymous_4)
DA:2,0
DA:3,0
DA:4,0
DA:8,0
DA:9,0
DA:11,0
DA:14,0
DA:19,0
DA:20,0
DA:23,0
DA:24,0
DA:26,0
DA:27,0
DA:28,0
DA:31,0
DA:33,0
DA:34,0
DA:36,0
DA:37,0
LF:19
LH:0
BRDA:19,0,0,0
BRDA:19,1,0,0
BRDA:19,1,1,0
BRDA:26,2,0,0
BRDA:26,3,0,0
BRDA:26,3,1,0
BRDA:33,4,0,0
BRDA:33,4,1,0
BRDA:11,5,0,0
BRDA:11,5,1,0
BRDA:11,6,0,0
BRDA:11,6,1,0
BRF:12
BRH:0
end_of_record
TN:
SF:src\auth\strategies\jwt.strategy.ts
FN:13,(anonymous_2)
FN:25,(anonymous_3)
FN:32,(anonymous_4)
FNF:3
FNH:0
FNDA:0,(anonymous_2)
FNDA:0,(anonymous_3)
FNDA:0,(anonymous_4)
DA:1,0
DA:2,0
DA:3,0
DA:4,0
DA:6,0
DA:10,0
DA:11,0
DA:14,0
DA:15,0
DA:17,0
DA:18,0
DA:19,0
DA:20,0
DA:22,0
DA:25,0
DA:33,0
DA:35,0
DA:36,0
DA:37,0
DA:38,0
DA:41,0
LF:21
LH:0
BRDA:18,0,0,0
BRDA:25,1,0,0
BRDA:25,1,1,0
BRDA:25,2,0,0
BRDA:25,2,1,0
BRDA:25,3,0,0
BRDA:25,3,1,0
BRDA:25,4,0,0
BRDA:25,4,1,0
BRDA:36,5,0,0
BRDA:14,6,0,0
BRDA:14,6,1,0
BRDA:14,7,0,0
BRDA:14,7,1,0
BRDA:14,8,0,0
BRDA:14,8,1,0
BRDA:14,9,0,0
BRDA:14,9,1,0
BRF:18
BRH:0
end_of_record
TN:
SF:src\city\city.controller.ts
FN:25,(anonymous_4)
FN:31,(anonymous_5)
FN:38,(anonymous_6)
FN:45,(anonymous_7)
FN:51,(anonymous_8)
FN:64,(anonymous_9)
FN:72,(anonymous_10)
FN:83,(anonymous_11)
FN:95,(anonymous_12)
FNF:9
FNH:0
FNDA:0,(anonymous_4)
FNDA:0,(anonymous_5)
FNDA:0,(anonymous_6)
FNDA:0,(anonymous_7)
FNDA:0,(anonymous_8)
FNDA:0,(anonymous_9)
FNDA:0,(anonymous_10)
FNDA:0,(anonymous_11)
FNDA:0,(anonymous_12)
DA:2,0
DA:6,0
DA:7,0
DA:8,0
DA:9,0
DA:10,0
DA:11,0
DA:12,0
DA:13,0
DA:16,0
DA:18,0
DA:22,0
DA:23,0
DA:25,0
DA:31,0
DA:32,0
DA:33,0
DA:38,0
DA:39,0
DA:40,0
DA:45,0
DA:47,0
DA:51,0
DA:54,0
DA:55,0
DA:57,0
DA:58,0
DA:60,0
DA:64,0
DA:65,0
DA:66,0
DA:72,0
DA:76,0
DA:77,0
DA:83,0
DA:87,0
DA:88,0
DA:95,0
DA:96,0
DA:97,0
LF:40
LH:0
BRDA:57,0,0,0
BRDA:57,1,0,0
BRDA:57,1,1,0
BRDA:31,2,0,0
BRDA:31,2,1,0
BRDA:31,3,0,0
BRDA:31,3,1,0
BRDA:31,4,0,0
BRDA:31,4,1,0
BRDA:31,5,0,0
BRDA:31,5,1,0
BRDA:38,6,0,0
BRDA:38,6,1,0
BRDA:38,7,0,0
BRDA:38,7,1,0
BRDA:38,8,0,0
BRDA:38,8,1,0
BRDA:38,9,0,0
BRDA:38,9,1,0
BRDA:52,10,0,0
BRDA:52,10,1,0
BRDA:52,11,0,0
BRDA:52,11,1,0
BRDA:53,12,0,0
BRDA:53,12,1,0
BRDA:53,13,0,0
BRDA:53,13,1,0
BRDA:64,14,0,0
BRDA:64,14,1,0
BRDA:64,15,0,0
BRDA:64,15,1,0
BRDA:74,16,0,0
BRDA:74,16,1,0
BRDA:74,17,0,0
BRDA:74,17,1,0
BRDA:75,18,0,0
BRDA:75,18,1,0
BRDA:75,19,0,0
BRDA:75,19,1,0
BRDA:85,20,0,0
BRDA:85,20,1,0
BRDA:85,21,0,0
BRDA:85,21,1,0
BRDA:86,22,0,0
BRDA:86,22,1,0
BRDA:86,23,0,0
BRDA:86,23,1,0
BRDA:25,24,0,0
BRDA:25,24,1,0
BRDA:25,25,0,0
BRDA:25,25,1,0
BRF:51
BRH:0
end_of_record
TN:
SF:src\city\city.module.ts
FNF:0
FNH:0
DA:2,0
DA:3,0
DA:4,0
DA:5,0
DA:6,0
DA:7,0
DA:17,0
LF:7
LH:0
BRF:0
BRH:0
end_of_record
TN:
SF:src\city\city.service.ts
FN:18,(anonymous_4)
FN:28,(anonymous_5)
FN:41,(anonymous_6)
FN:55,(anonymous_7)
FN:76,(anonymous_8)
FN:131,(anonymous_9)
FN:152,(anonymous_10)
FN:156,(anonymous_11)
FN:169,(anonymous_12)
FN:200,(anonymous_13)
FN:218,(anonymous_14)
FN:245,(anonymous_15)
FN:249,(anonymous_16)
FN:286,(anonymous_17)
FN:340,(anonymous_18)
FNF:15
FNH:14
FNDA:26,(anonymous_4)
FNDA:9,(anonymous_5)
FNDA:1,(anonymous_6)
FNDA:11,(anonymous_7)
FNDA:6,(anonymous_8)
FNDA:2,(anonymous_9)
FNDA:0,(anonymous_10)
FNDA:2,(anonymous_11)
FNDA:2,(anonymous_12)
FNDA:1,(anonymous_13)
FNDA:1,(anonymous_14)
FNDA:1,(anonymous_15)
FNDA:2,(anonymous_16)
FNDA:3,(anonymous_17)
FNDA:3,(anonymous_18)
DA:2,1
DA:3,1
DA:4,1
DA:5,1
DA:6,1
DA:12,1
DA:15,1
DA:16,26
DA:20,26
DA:22,26
DA:26,26
DA:29,9
DA:30,9
DA:34,9
DA:35,1
DA:36,1
DA:38,8
DA:42,1
DA:44,1
DA:52,1
DA:56,11
DA:57,1
DA:58,1
DA:60,10
DA:77,6
DA:78,6
DA:80,6
DA:87,6
DA:88,1
DA:89,1
DA:90,1
DA:91,1
DA:94,5
DA:97,5
DA:98,1
DA:101,5
DA:109,5
DA:110,5
DA:111,2
DA:112,2
DA:113,2
DA:114,2
DA:116,3
DA:117,2
DA:118,2
DA:122,2
DA:123,1
DA:125,1
DA:126,1
DA:132,2
DA:133,2
DA:135,2
DA:141,2
DA:142,1
DA:143,1
DA:144,1
DA:146,0
DA:148,1
DA:151,1
DA:152,1
DA:153,1
DA:157,2
DA:158,2
DA:162,2
DA:163,1
DA:164,1
DA:166,1
DA:170,2
DA:172,2
DA:176,2
DA:177,1
DA:186,1
DA:188,1
DA:192,1
DA:193,1
DA:194,1
DA:196,0
DA:201,1
DA:202,1
DA:210,1
DA:211,0
DA:212,0
DA:214,1
DA:219,1
DA:220,1
DA:221,0
DA:224,1
DA:225,1
DA:227,1
DA:234,1
DA:235,0
DA:236,0
DA:237,0
DA:239,0
DA:241,1
DA:244,1
DA:245,1
DA:246,1
DA:250,2
DA:251,2
DA:252,2
DA:254,2
DA:256,2
DA:257,1
DA:260,1
DA:261,0
DA:264,2
DA:265,1
DA:268,1
DA:269,0
DA:273,2
DA:274,2
DA:275,2
DA:276,2
DA:277,2
DA:279,2
DA:280,2
DA:281,2
DA:282,2
DA:283,1
DA:287,3
DA:288,3
DA:289,3
DA:290,0
DA:291,0
DA:294,3
DA:295,3
DA:296,3
DA:297,3
DA:299,3
DA:300,3
DA:301,0
DA:302,0
DA:303,0
DA:304,0
DA:306,3
DA:307,3
DA:308,0
DA:309,0
DA:311,3
DA:312,0
DA:313,0
DA:316,3
DA:317,0
DA:320,0
DA:321,0
DA:324,3
DA:325,3
DA:328,3
DA:329,1
DA:333,2
DA:334,2
DA:335,2
DA:336,2
DA:337,1
DA:341,3
DA:342,3
DA:343,3
DA:344,1
DA:345,1
DA:348,2
DA:349,1
DA:350,1
DA:352,1
DA:353,1
DA:354,1
LF:166
LH:142
BRDA:34,0,0,1
BRDA:56,1,0,1
BRDA:56,2,0,11
BRDA:56,2,1,10
BRDA:76,3,0,0
BRDA:87,4,0,1
BRDA:90,5,0,0
BRDA:91,6,0,0
BRDA:91,6,1,1
BRDA:97,7,0,1
BRDA:113,8,0,0
BRDA:114,9,0,0
BRDA:114,9,1,2
BRDA:116,10,0,2
BRDA:122,11,0,1
BRDA:122,12,0,0
BRDA:122,12,1,1
BRDA:132,13,0,2
BRDA:132,14,0,2
BRDA:141,15,0,1
BRDA:141,15,1,1
BRDA:143,16,0,1
BRDA:146,17,0,0
BRDA:146,17,1,0
BRDA:156,18,0,1
BRDA:156,19,0,1
BRDA:162,20,0,1
BRDA:166,21,0,1
BRDA:166,21,1,0
BRDA:169,22,0,2
BRDA:170,23,0,1
BRDA:170,23,1,1
BRDA:176,24,0,1
BRDA:176,24,1,1
BRDA:186,25,0,1
BRDA:186,25,1,0
BRDA:186,26,0,0
BRDA:186,26,1,1
BRDA:192,27,0,1
BRDA:194,28,0,1
BRDA:194,28,1,0
BRDA:194,29,0,0
BRDA:194,29,1,1
BRDA:196,30,0,0
BRDA:196,30,1,0
BRDA:196,31,0,0
BRDA:196,31,1,0
BRDA:200,32,0,1
BRDA:200,33,0,1
BRDA:210,34,0,0
BRDA:214,35,0,1
BRDA:214,35,1,0
BRDA:214,36,0,0
BRDA:214,36,1,1
BRDA:220,37,0,0
BRDA:220,38,0,1
BRDA:220,38,1,1
BRDA:224,39,0,1
BRDA:224,40,0,1
BRDA:234,41,0,0
BRDA:234,41,1,1
BRDA:236,42,0,0
BRDA:239,43,0,0
BRDA:239,43,1,0
BRDA:252,44,0,0
BRDA:256,45,0,1
BRDA:256,46,0,2
BRDA:256,46,1,1
BRDA:260,47,0,0
BRDA:264,48,0,1
BRDA:264,49,0,2
BRDA:264,49,1,1
BRDA:268,50,0,0
BRDA:282,51,0,1
BRDA:289,52,0,0
BRDA:295,53,0,3
BRDA:295,54,0,3
BRDA:295,54,1,3
BRDA:300,55,0,0
BRDA:300,56,0,3
BRDA:300,56,1,1
BRDA:307,57,0,0
BRDA:307,58,0,3
BRDA:307,58,1,0
BRDA:311,59,0,0
BRDA:311,60,0,3
BRDA:311,60,1,0
BRDA:316,61,0,0
BRDA:320,62,0,0
BRDA:324,63,0,3
BRDA:324,64,0,3
BRDA:324,64,1,0
BRDA:324,64,2,3
BRDA:328,65,0,1
BRDA:336,66,0,1
BRDA:343,67,0,1
BRDA:348,68,0,1
BRDA:348,69,0,2
BRDA:348,69,1,2
BRDA:20,70,0,1
BRDA:20,70,1,0
BRDA:20,71,0,1
BRDA:20,71,1,1
BRDA:20,72,0,1
BRDA:20,72,1,0
BRDA:20,73,0,1
BRDA:20,73,1,1
BRF:107
BRH:68
end_of_record
TN:
SF:src\country\country.controller.ts
FN:25,(anonymous_4)
FN:31,(anonymous_5)
FN:38,(anonymous_6)
FN:44,(anonymous_7)
FN:55,(anonymous_8)
FN:63,(anonymous_9)
FN:74,(anonymous_10)
FN:86,(anonymous_11)
FNF:8
FNH:0
FNDA:0,(anonymous_4)
FNDA:0,(anonymous_5)
FNDA:0,(anonymous_6)
FNDA:0,(anonymous_7)
FNDA:0,(anonymous_8)
FNDA:0,(anonymous_9)
FNDA:0,(anonymous_10)
FNDA:0,(anonymous_11)
DA:2,0
DA:6,0
DA:7,0
DA:8,0
DA:9,0
DA:10,0
DA:11,0
DA:12,0
DA:13,0
DA:16,0
DA:18,0
DA:22,0
DA:23,0
DA:25,0
DA:31,0
DA:32,0
DA:33,0
DA:38,0
DA:39,0
DA:40,0
DA:44,0
DA:47,0
DA:48,0
DA:49,0
DA:51,0
DA:55,0
DA:56,0
DA:57,0
DA:63,0
DA:67,0
DA:68,0
DA:74,0
DA:78,0
DA:79,0
DA:86,0
DA:87,0
DA:88,0
LF:37
LH:0
BRDA:48,0,0,0
BRDA:48,1,0,0
BRDA:48,1,1,0
BRDA:31,2,0,0
BRDA:31,2,1,0
BRDA:31,3,0,0
BRDA:31,3,1,0
BRDA:31,4,0,0
BRDA:31,4,1,0
BRDA:31,5,0,0
BRDA:31,5,1,0
BRDA:38,6,0,0
BRDA:38,6,1,0
BRDA:38,7,0,0
BRDA:38,7,1,0
BRDA:38,8,0,0
BRDA:38,8,1,0
BRDA:38,9,0,0
BRDA:38,9,1,0
BRDA:45,10,0,0
BRDA:45,10,1,0
BRDA:45,11,0,0
BRDA:45,11,1,0
BRDA:46,12,0,0
BRDA:46,12,1,0
BRDA:46,13,0,0
BRDA:46,13,1,0
BRDA:55,14,0,0
BRDA:55,14,1,0
BRDA:55,15,0,0
BRDA:55,15,1,0
BRDA:65,16,0,0
BRDA:65,16,1,0
BRDA:65,17,0,0
BRDA:65,17,1,0
BRDA:66,18,0,0
BRDA:66,18,1,0
BRDA:66,19,0,0
BRDA:66,19,1,0
BRDA:76,20,0,0
BRDA:76,20,1,0
BRDA:76,21,0,0
BRDA:76,21,1,0
BRDA:77,22,0,0
BRDA:77,22,1,0
BRDA:77,23,0,0
BRDA:77,23,1,0
BRDA:25,24,0,0
BRDA:25,24,1,0
BRDA:25,25,0,0
BRDA:25,25,1,0
BRF:51
BRH:0
end_of_record
TN:
SF:src\country\country.module.ts
FNF:0
FNH:0
DA:2,0
DA:3,0
DA:4,0
DA:5,0
DA:6,0
DA:17,0
LF:6
LH:0
BRF:0
BRH:0
end_of_record
TN:
SF:src\country\country.service.ts
FN:17,(anonymous_4)
FN:24,(anonymous_5)
FN:32,(anonymous_6)
FN:59,(anonymous_7)
FN:80,(anonymous_8)
FN:84,(anonymous_9)
FN:97,(anonymous_10)
FN:106,(anonymous_11)
FN:133,(anonymous_12)
FN:137,(anonymous_13)
FN:161,(anonymous_14)
FN:183,(anonymous_15)
FNF:12
FNH:0
FNDA:0,(anonymous_4)
FNDA:0,(anonymous_5)
FNDA:0,(anonymous_6)
FNDA:0,(anonymous_7)
FNDA:0,(anonymous_8)
FNDA:0,(anonymous_9)
FNDA:0,(anonymous_10)
FNDA:0,(anonymous_11)
FNDA:0,(anonymous_12)
FNDA:0,(anonymous_13)
FNDA:0,(anonymous_14)
FNDA:0,(anonymous_15)
DA:2,0
DA:3,0
DA:4,0
DA:5,0
DA:11,0
DA:14,0
DA:15,0
DA:19,0
DA:22,0
DA:25,0
DA:33,0
DA:34,0
DA:36,0
DA:37,0
DA:38,0
DA:39,0
DA:40,0
DA:41,0
DA:43,0
DA:44,0
DA:45,0
DA:46,0
DA:47,0
DA:48,0
DA:49,0
DA:53,0
DA:54,0
DA:55,0
DA:56,0
DA:60,0
DA:61,0
DA:63,0
DA:69,0
DA:70,0
DA:71,0
DA:72,0
DA:74,0
DA:76,0
DA:79,0
DA:80,0
DA:81,0
DA:85,0
DA:86,0
DA:90,0
DA:91,0
DA:92,0
DA:94,0
DA:98,0
DA:99,0
DA:103,0
DA:107,0
DA:108,0
DA:109,0
DA:112,0
DA:113,0
DA:115,0
DA:122,0
DA:123,0
DA:124,0
DA:125,0
DA:127,0
DA:129,0
DA:132,0
DA:133,0
DA:134,0
DA:138,0
DA:139,0
DA:140,0
DA:142,0
DA:144,0
DA:145,0
DA:146,0
DA:148,0
DA:149,0
DA:150,0
DA:153,0
DA:154,0
DA:156,0
DA:157,0
DA:158,0
DA:162,0
DA:163,0
DA:164,0
DA:165,0
DA:166,0
DA:169,0
DA:170,0
DA:171,0
DA:173,0
DA:174,0
DA:175,0
DA:178,0
DA:179,0
DA:180,0
DA:184,0
DA:185,0
DA:186,0
DA:187,0
DA:188,0
DA:191,0
DA:192,0
DA:193,0
DA:195,0
DA:196,0
DA:197,0
LF:105
LH:0
BRDA:32,0,0,0
BRDA:37,1,0,0
BRDA:40,2,0,0
BRDA:41,3,0,0
BRDA:41,3,1,0
BRDA:43,4,0,0
BRDA:45,5,0,0
BRDA:48,6,0,0
BRDA:49,7,0,0
BRDA:49,7,1,0
BRDA:56,8,0,0
BRDA:56,8,1,0
BRDA:59,9,0,0
BRDA:60,10,0,0
BRDA:60,11,0,0
BRDA:64,12,0,0
BRDA:64,12,1,0
BRDA:69,13,0,0
BRDA:69,13,1,0
BRDA:71,14,0,0
BRDA:74,15,0,0
BRDA:74,15,1,0
BRDA:84,16,0,0
BRDA:84,17,0,0
BRDA:88,18,0,0
BRDA:88,18,1,0
BRDA:90,19,0,0
BRDA:94,20,0,0
BRDA:94,20,1,0
BRDA:97,21,0,0
BRDA:97,22,0,0
BRDA:101,23,0,0
BRDA:101,23,1,0
BRDA:103,24,0,0
BRDA:103,24,1,0
BRDA:103,25,0,0
BRDA:103,25,1,0
BRDA:106,26,0,0
BRDA:108,27,0,0
BRDA:108,28,0,0
BRDA:108,28,1,0
BRDA:112,29,0,0
BRDA:112,30,0,0
BRDA:117,31,0,0
BRDA:117,31,1,0
BRDA:122,32,0,0
BRDA:122,32,1,0
BRDA:124,33,0,0
BRDA:127,34,0,0
BRDA:127,34,1,0
BRDA:140,35,0,0
BRDA:144,36,0,0
BRDA:146,37,0,0
BRDA:148,38,0,0
BRDA:148,39,0,0
BRDA:148,39,1,0
BRDA:150,40,0,0
BRDA:154,41,0,0
BRDA:154,41,1,0
BRDA:164,42,0,0
BRDA:169,43,0,0
BRDA:169,44,0,0
BRDA:169,44,1,0
BRDA:171,45,0,0
BRDA:173,46,0,0
BRDA:173,47,0,0
BRDA:173,47,1,0
BRDA:175,48,0,0
BRDA:186,49,0,0
BRDA:191,50,0,0
BRDA:191,51,0,0
BRDA:191,51,1,0
BRDA:19,52,0,0
BRDA:19,52,1,0
BRDA:19,53,0,0
BRDA:19,53,1,0
BRF:76
BRH:0
end_of_record
TN:
SF:src\database\data-seeding\data-seeding.controller.ts
FN:17,(anonymous_4)
FN:24,(anonymous_5)
FNF:2
FNH:0
FNDA:0,(anonymous_4)
FNDA:0,(anonymous_5)
DA:2,0
DA:3,0
DA:4,0
DA:5,0
DA:6,0
DA:7,0
DA:8,0
DA:9,0
DA:14,0
DA:15,0
DA:18,0
DA:19,0
DA:24,0
DA:25,0
DA:27,0
DA:29,0
DA:30,0
DA:31,0
DA:34,0
DA:35,0
DA:36,0
DA:39,0
DA:40,0
DA:41,0
DA:42,0
DA:43,0
DA:45,0
DA:46,0
LF:28
LH:0
BRDA:29,0,0,0
BRDA:34,1,0,0
BRDA:24,2,0,0
BRDA:24,2,1,0
BRDA:24,3,0,0
BRDA:24,3,1,0
BRDA:24,4,0,0
BRDA:24,4,1,0
BRDA:24,5,0,0
BRDA:24,5,1,0
BRDA:18,6,0,0
BRDA:18,6,1,0
BRDA:18,7,0,0
BRDA:18,7,1,0
BRDA:18,8,0,0
BRDA:18,8,1,0
BRDA:18,9,0,0
BRDA:18,9,1,0
BRF:18
BRH:0
end_of_record
TN:
SF:src\database\data-seeding\data-seeding.module.ts
FNF:0
FNH:0
DA:2,0
DA:3,0
DA:4,0
DA:5,0
DA:6,0
DA:7,0
DA:8,0
DA:9,0
DA:23,0
LF:9
LH:0
BRF:0
BRH:0
end_of_record
TN:
SF:src\database\data-seeding\data-seeding.service.ts
FN:20,(anonymous_2)
FN:28,(anonymous_3)
FN:39,(anonymous_4)
FNF:3
FNH:0
FNDA:0,(anonymous_2)
FNDA:0,(anonymous_3)
FNDA:0,(anonymous_4)
DA:2,0
DA:3,0
DA:4,0
DA:5,0
DA:6,0
DA:11,0
DA:17,0
DA:18,0
DA:21,0
DA:22,0
DA:23,0
DA:24,0
DA:25,0
DA:29,0
DA:30,0
DA:31,0
DA:32,0
DA:33,0
DA:35,0
DA:40,0
DA:41,0
DA:42,0
DA:43,0
DA:44,0
DA:45,0
DA:48,0
DA:49,0
DA:50,0
DA:51,0
DA:52,0
DA:54,0
DA:57,0
DA:58,0
DA:59,0
DA:60,0
DA:61,0
DA:62,0
DA:63,0
DA:64,0
DA:65,0
DA:66,0
DA:67,0
DA:70,0
DA:71,0
DA:74,0
DA:75,0
DA:76,0
DA:79,0
DA:80,0
DA:81,0
DA:82,0
DA:83,0
DA:84,0
DA:85,0
DA:86,0
DA:87,0
DA:89,0
DA:90,0
DA:97,0
DA:98,0
DA:99,0
DA:101,0
DA:102,0
DA:105,0
DA:106,0
DA:107,0
DA:108,0
DA:110,0
DA:116,0
DA:119,0
DA:120,0
DA:121,0
DA:122,0
DA:123,0
DA:124,0
DA:125,0
DA:126,0
DA:127,0
DA:128,0
DA:129,0
DA:130,0
DA:132,0
DA:133,0
DA:134,0
DA:135,0
DA:137,0
DA:138,0
DA:144,0
DA:145,0
DA:146,0
DA:148,0
DA:149,0
DA:150,0
DA:153,0
DA:154,0
DA:155,0
DA:156,0
DA:158,0
DA:159,0
DA:165,0
DA:167,0
LF:101
LH:0
BRDA:30,0,0,0
BRDA:30,0,1,0
BRDA:44,1,0,0
BRDA:48,2,0,0
BRDA:48,2,1,0
BRDA:57,3,0,0
BRDA:57,3,1,0
BRDA:63,4,0,0
BRDA:63,4,1,0
BRDA:66,5,0,0
BRDA:70,6,0,0
BRDA:70,6,1,0
BRDA:74,7,0,0
BRDA:85,8,0,0
BRDA:85,9,0,0
BRDA:85,9,1,0
BRDA:85,9,2,0
BRDA:101,10,0,0
BRDA:101,10,1,0
BRDA:102,11,0,0
BRDA:102,11,1,0
BRDA:106,12,0,0
BRDA:106,12,1,0
BRDA:116,13,0,0
BRDA:116,13,1,0
BRDA:127,14,0,0
BRDA:132,15,0,0
BRDA:132,16,0,0
BRDA:132,16,1,0
BRDA:132,16,2,0
BRDA:148,17,0,0
BRDA:148,17,1,0
BRDA:149,18,0,0
BRDA:149,18,1,0
BRDA:154,19,0,0
BRDA:154,19,1,0
BRDA:165,20,0,0
BRDA:165,20,1,0
BRDA:21,21,0,0
BRDA:21,21,1,0
BRDA:21,22,0,0
BRDA:21,22,1,0
BRDA:21,23,0,0
BRDA:21,23,1,0
BRDA:21,24,0,0
BRDA:21,24,1,0
BRDA:22,25,0,0
BRDA:22,25,1,0
BRDA:22,26,0,0
BRDA:22,26,1,0
BRDA:23,27,0,0
BRDA:23,27,1,0
BRDA:23,28,0,0
BRDA:23,28,1,0
BRDA:24,29,0,0
BRDA:24,29,1,0
BRDA:24,30,0,0
BRDA:24,30,1,0
BRF:58
BRH:0
end_of_record
TN:
SF:src\database\migrations\1747849378513-InitialSchemaSetup.ts
FN:3,(anonymous_0)
FN:6,(anonymous_1)
FN:20,(anonymous_2)
FNF:3
FNH:0
FNDA:0,(anonymous_0)
FNDA:0,(anonymous_1)
FNDA:0,(anonymous_2)
DA:3,0
DA:4,0
DA:7,0
DA:8,0
DA:9,0
DA:10,0
DA:11,0
DA:12,0
DA:13,0
DA:14,0
DA:15,0
DA:16,0
DA:17,0
DA:21,0
DA:22,0
DA:23,0
DA:24,0
DA:25,0
DA:26,0
DA:27,0
DA:28,0
DA:29,0
DA:30,0
DA:31,0
LF:24
LH:0
BRF:0
BRH:0
end_of_record
TN:
SF:src\database\migrations\1748627710746-AddUniqueConstraintToProvinceCoords.ts
FN:3,(anonymous_0)
FN:6,(anonymous_1)
FN:10,(anonymous_2)
FNF:3
FNH:0
FNDA:0,(anonymous_0)
FNDA:0,(anonymous_1)
FNDA:0,(anonymous_2)
DA:3,0
DA:4,0
DA:7,0
DA:11,0
LF:4
LH:0
BRF:0
BRH:0
end_of_record
TN:
SF:src\dto\create-city.dto.ts
FNF:0
FNH:0
DA:2,0
DA:4,0
DA:8,0
DA:12,0
DA:17,0
DA:22,0
LF:6
LH:0
BRF:0
BRH:0
end_of_record
TN:
SF:src\dto\create-country.dto.ts
FNF:0
FNH:0
DA:2,0
DA:4,0
DA:8,0
DA:13,0
LF:4
LH:0
BRF:0
BRH:0
end_of_record
TN:
SF:src\dto\create-person.dto.ts
FNF:0
FNH:0
DA:2,0
DA:3,0
DA:5,0
DA:9,0
DA:14,0
DA:19,0
DA:27,0
DA:31,0
DA:35,0
DA:39,0
LF:10
LH:0
BRDA:39,0,0,0
BRDA:39,0,1,0
BRDA:39,1,0,0
BRDA:39,1,1,0
BRF:4
BRH:0
end_of_record
TN:
SF:src\dto\create-province.dto.ts
FNF:0
FNH:0
DA:2,0
DA:4,0
DA:8,0
DA:12,0
DA:17,0
DA:22,0
LF:6
LH:0
BRF:0
BRH:0
end_of_record
TN:
SF:src\dto\paginated-response.dto.ts
FN:15,(anonymous_0)
FNF:1
FNH:1
FNDA:3,(anonymous_0)
DA:11,1
DA:16,3
DA:17,3
LF:3
LH:3
BRF:0
BRH:0
end_of_record
TN:
SF:src\dto\pagination.dto.ts
FN:5,(anonymous_2)
FN:7,(anonymous_3)
FN:13,(anonymous_4)
FNF:3
FNH:0
FNDA:0,(anonymous_2)
FNDA:0,(anonymous_3)
FNDA:0,(anonymous_4)
DA:2,0
DA:3,0
DA:5,0
DA:7,0
DA:10,0
DA:13,0
DA:17,0
DA:21,0
DA:26,0
DA:30,0
LF:10
LH:0
BRF:0
BRH:0
end_of_record
TN:
SF:src\dto\trigger-seeding.dto.ts
FNF:0
FNH:0
DA:2,0
DA:4,0
DA:7,0
LF:3
LH:0
BRF:0
BRH:0
end_of_record
TN:
SF:src\dto\update-patch-city.dto.ts
FNF:0
FNH:0
DA:2,0
DA:3,0
DA:5,0
LF:3
LH:0
BRF:0
BRH:0
end_of_record
TN:
SF:src\dto\update-patch-country.dto.ts
FNF:0
FNH:0
DA:2,0
DA:3,0
DA:6,0
LF:3
LH:0
BRF:0
BRH:0
end_of_record
TN:
SF:src\dto\update-patch-person.dto.ts
FNF:0
FNH:0
DA:2,0
DA:3,0
DA:4,0
DA:7,0
DA:14,0
LF:5
LH:0
BRF:0
BRH:0
end_of_record
TN:
SF:src\dto\update-patch-province.dto.ts
FNF:0
FNH:0
DA:2,0
DA:3,0
DA:6,0
LF:3
LH:0
BRF:0
BRH:0
end_of_record
TN:
SF:src\dto\update-put-city.dto.ts
FNF:0
FNH:0
DA:2,0
DA:4,0
DA:8,0
DA:12,0
DA:17,0
DA:22,0
LF:6
LH:0
BRF:0
BRH:0
end_of_record
TN:
SF:src\dto\update-put-country.dto.ts
FNF:0
FNH:0
DA:2,0
DA:4,0
DA:8,0
DA:13,0
LF:4
LH:0
BRF:0
BRH:0
end_of_record
TN:
SF:src\dto\update-put-person.dto.ts
FNF:0
FNH:0
DA:2,0
DA:3,0
DA:5,0
DA:9,0
DA:14,0
DA:19,0
DA:23,0
DA:27,0
DA:31,0
LF:9
LH:0
BRDA:31,0,0,0
BRDA:31,0,1,0
BRDA:31,1,0,0
BRDA:31,1,1,0
BRF:4
BRH:0
end_of_record
TN:
SF:src\dto\update-put-province.dto.ts
FNF:0
FNH:0
DA:2,0
DA:4,0
DA:8,0
DA:12,0
DA:17,0
DA:22,0
LF:6
LH:0
BRF:0
BRH:0
end_of_record
TN:
SF:src\entities\city.entity.ts
FN:21,(anonymous_2)
FN:21,(anonymous_3)
FN:28,(anonymous_4)
FN:28,(anonymous_5)
FNF:4
FNH:0
FNDA:0,(anonymous_2)
FNDA:0,(anonymous_3)
FNDA:0,(anonymous_4)
FNDA:0,(anonymous_5)
DA:2,1
DA:3,1
DA:4,1
DA:8,1
DA:10,1
DA:13,1
DA:16,1
DA:19,1
DA:21,0
DA:23,1
DA:26,1
DA:28,0
DA:29,1
LF:13
LH:11
BRDA:23,0,0,1
BRDA:23,0,1,0
BRDA:23,1,0,1
BRDA:23,1,1,1
BRF:4
BRH:3
end_of_record
TN:
SF:src\entities\country.entity.ts
FN:18,(anonymous_2)
FN:18,(anonymous_3)
FNF:2
FNH:0
FNDA:0,(anonymous_2)
FNDA:0,(anonymous_3)
DA:2,1
DA:3,1
DA:6,1
DA:8,1
DA:12,1
DA:16,1
DA:18,0
DA:19,1
LF:8
LH:7
BRF:0
BRH:0
end_of_record
TN:
SF:src\entities\person.entity.ts
FN:17,(anonymous_11)
FN:61,(anonymous_12)
FN:52,(anonymous_13)
FN:52,(anonymous_14)
FNF:4
FNH:1
FNDA:1,(anonymous_11)
FNDA:0,(anonymous_12)
FNDA:0,(anonymous_13)
FNDA:0,(anonymous_14)
DA:2,1
DA:14,1
DA:15,1
DA:17,1
DA:18,1
DA:19,1
DA:20,1
DA:24,1
DA:26,1
DA:29,1
DA:32,1
DA:36,1
DA:39,1
DA:42,1
DA:50,1
DA:52,0
DA:54,1
DA:57,1
DA:61,1
DA:62,0
DA:63,0
DA:64,0
LF:22
LH:18
BRDA:17,0,0,1
BRDA:17,0,1,1
BRDA:62,1,0,0
BRDA:62,2,0,0
BRDA:62,2,1,0
BRDA:62,2,2,0
BRF:6
BRH:2
end_of_record
TN:
SF:src\entities\province.entity.ts
FN:21,(anonymous_2)
FN:21,(anonymous_3)
FN:28,(anonymous_4)
FN:28,(anonymous_5)
FNF:4
FNH:0
FNDA:0,(anonymous_2)
FNDA:0,(anonymous_3)
FNDA:0,(anonymous_4)
FNDA:0,(anonymous_5)
DA:2,1
DA:3,1
DA:4,1
DA:8,1
DA:10,1
DA:13,1
DA:16,1
DA:19,1
DA:21,0
DA:23,1
DA:26,1
DA:28,0
DA:29,1
LF:13
LH:11
BRDA:23,0,0,1
BRDA:23,0,1,0
BRDA:23,1,0,1
BRDA:23,1,1,1
BRF:4
BRH:3
end_of_record
TN:
SF:src\georef\georef.module.ts
FNF:0
FNH:0
DA:2,0
DA:3,0
DA:4,0
DA:17,0
LF:4
LH:0
BRF:0
BRH:0
end_of_record
TN:
SF:src\georef\georef.service.ts
FN:18,(anonymous_2)
FN:22,(anonymous_3)
FN:29,(anonymous_4)
FN:30,(anonymous_5)
FN:44,(anonymous_6)
FN:51,(anonymous_7)
FN:52,(anonymous_8)
FNF:7
FNH:0
FNDA:0,(anonymous_2)
FNDA:0,(anonymous_3)
FNDA:0,(anonymous_4)
FNDA:0,(anonymous_5)
FNDA:0,(anonymous_6)
FNDA:0,(anonymous_7)
FNDA:0,(anonymous_8)
DA:2,0
DA:3,0
DA:4,0
DA:15,0
DA:16,0
DA:19,0
DA:23,0
DA:24,0
DA:25,0
DA:26,0
DA:29,0
DA:31,0
DA:32,0
DA:36,0
DA:37,0
DA:39,0
DA:40,0
DA:45,0
DA:46,0
DA:47,0
DA:48,0
DA:51,0
DA:53,0
DA:54,0
DA:58,0
DA:59,0
DA:61,0
DA:62,0
LF:28
LH:0
BRDA:31,0,0,0
BRDA:31,0,1,0
BRDA:31,1,0,0
BRDA:31,1,1,0
BRDA:31,2,0,0
BRDA:31,2,1,0
BRDA:31,3,0,0
BRDA:31,3,1,0
BRDA:39,4,0,0
BRDA:39,4,1,0
BRDA:53,5,0,0
BRDA:53,5,1,0
BRDA:53,6,0,0
BRDA:53,6,1,0
BRDA:53,7,0,0
BRDA:53,7,1,0
BRDA:53,8,0,0
BRDA:53,8,1,0
BRDA:61,9,0,0
BRDA:61,9,1,0
BRDA:19,10,0,0
BRDA:19,10,1,0
BRDA:19,11,0,0
BRDA:19,11,1,0
BRF:24
BRH:0
end_of_record
TN:
SF:src\person\person.controller.ts
FN:24,(anonymous_4)
FN:30,(anonymous_5)
FN:38,(anonymous_6)
FN:61,(anonymous_8)
FN:69,(anonymous_9)
FN:80,(anonymous_10)
FN:92,(anonymous_11)
FNF:7
FNH:0
FNDA:0,(anonymous_4)
FNDA:0,(anonymous_5)
FNDA:0,(anonymous_6)
FNDA:0,(anonymous_8)
FNDA:0,(anonymous_9)
FNDA:0,(anonymous_10)
FNDA:0,(anonymous_11)
DA:2,0
DA:6,0
DA:7,0
DA:8,0
DA:9,0
DA:10,0
DA:11,0
DA:12,0
DA:13,0
DA:16,0
DA:21,0
DA:22,0
DA:24,0
DA:30,0
DA:31,0
DA:32,0
DA:38,0
DA:39,0
DA:40,0
DA:46,0
DA:49,0
DA:50,0
DA:51,0
DA:53,0
DA:55,0
DA:61,0
DA:62,0
DA:63,0
DA:69,0
DA:73,0
DA:74,0
DA:80,0
DA:84,0
DA:85,0
DA:92,0
DA:93,0
DA:94,0
LF:37
LH:0
BRDA:51,0,0,0
BRDA:51,1,0,0
BRDA:51,1,1,0
BRDA:30,2,0,0
BRDA:30,2,1,0
BRDA:30,3,0,0
BRDA:30,3,1,0
BRDA:30,4,0,0
BRDA:30,4,1,0
BRDA:30,5,0,0
BRDA:30,5,1,0
BRDA:38,6,0,0
BRDA:38,6,1,0
BRDA:38,7,0,0
BRDA:38,7,1,0
BRDA:38,8,0,0
BRDA:38,8,1,0
BRDA:38,9,0,0
BRDA:38,9,1,0
BRDA:47,10,0,0
BRDA:47,10,1,0
BRDA:48,11,0,0
BRDA:48,11,1,0
BRDA:48,12,0,0
BRDA:48,12,1,0
BRDA:61,13,0,0
BRDA:61,13,1,0
BRDA:61,14,0,0
BRDA:61,14,1,0
BRDA:71,15,0,0
BRDA:71,15,1,0
BRDA:71,16,0,0
BRDA:71,16,1,0
BRDA:72,17,0,0
BRDA:72,17,1,0
BRDA:72,18,0,0
BRDA:72,18,1,0
BRDA:82,19,0,0
BRDA:82,19,1,0
BRDA:82,20,0,0
BRDA:82,20,1,0
BRDA:83,21,0,0
BRDA:83,21,1,0
BRDA:83,22,0,0
BRDA:83,22,1,0
BRDA:92,23,0,0
BRDA:92,23,1,0
BRDA:92,24,0,0
BRDA:92,24,1,0
BRDA:24,25,0,0
BRDA:24,25,1,0
BRDA:24,26,0,0
BRDA:24,26,1,0
BRF:53
BRH:0
end_of_record
TN:
SF:src\person\person.module.ts
FN:13,(anonymous_1)
FNF:1
FNH:0
FNDA:0,(anonymous_1)
DA:2,0
DA:3,0
DA:4,0
DA:5,0
DA:6,0
DA:7,0
DA:8,0
DA:13,0
DA:19,0
LF:9
LH:0
BRF:0
BRH:0
end_of_record
TN:
SF:src\person\person.service.ts
FN:15,adjustDateForTimezone
FN:31,(anonymous_5)
FN:40,(anonymous_6)
FN:81,(anonymous_7)
FN:127,(anonymous_8)
FN:141,(anonymous_9)
FN:142,(anonymous_10)
FN:147,(anonymous_11)
FN:166,(anonymous_12)
FN:174,(anonymous_13)
FN:198,(anonymous_14)
FN:219,(anonymous_15)
FN:230,(anonymous_16)
FN:246,(anonymous_17)
FN:247,(anonymous_18)
FNF:15
FNH:0
FNDA:0,adjustDateForTimezone
FNDA:0,(anonymous_5)
FNDA:0,(anonymous_6)
FNDA:0,(anonymous_7)
FNDA:0,(anonymous_8)
FNDA:0,(anonymous_9)
FNDA:0,(anonymous_10)
FNDA:0,(anonymous_11)
FNDA:0,(anonymous_12)
FNDA:0,(anonymous_13)
FNDA:0,(anonymous_14)
FNDA:0,(anonymous_15)
FNDA:0,(anonymous_16)
FNDA:0,(anonymous_17)
FNDA:0,(anonymous_18)
DA:2,0
DA:3,0
DA:4,0
DA:5,0
DA:9,0
DA:11,0
DA:16,0
DA:18,0
DA:20,0
DA:22,0
DA:24,0
DA:28,0
DA:29,0
DA:33,0
DA:35,0
DA:38,0
DA:41,0
DA:42,0
DA:45,0
DA:46,0
DA:47,0
DA:48,0
DA:49,0
DA:50,0
DA:51,0
DA:56,0
DA:62,0
DA:69,0
DA:82,0
DA:83,0
DA:85,0
DA:86,0
DA:87,0
DA:88,0
DA:91,0
DA:92,0
DA:93,0
DA:94,0
DA:95,0
DA:96,0
DA:100,0
DA:111,0
DA:112,0
DA:113,0
DA:115,0
DA:116,0
DA:117,0
DA:119,0
DA:120,0
DA:121,0
DA:122,0
DA:124,0
DA:128,0
DA:129,0
DA:131,0
DA:138,0
DA:140,0
DA:141,0
DA:142,0
DA:144,0
DA:148,0
DA:149,0
DA:153,0
DA:154,0
DA:155,0
DA:158,0
DA:159,0
DA:160,0
DA:161,0
DA:163,0
DA:167,0
DA:168,0
DA:175,0
DA:176,0
DA:180,0
DA:181,0
DA:184,0
DA:185,0
DA:186,0
DA:188,0
DA:189,0
DA:191,0
DA:192,0
DA:193,0
DA:195,0
DA:199,0
DA:200,0
DA:201,0
DA:202,0
DA:205,0
DA:206,0
DA:207,0
DA:209,0
DA:210,0
DA:212,0
DA:213,0
DA:214,0
DA:216,0
DA:220,0
DA:221,0
DA:222,0
DA:223,0
DA:224,0
DA:226,0
DA:227,0
DA:231,0
DA:232,0
DA:243,0
DA:245,0
DA:246,0
DA:247,0
DA:249,0
LF:112
LH:0
BRDA:16,0,0,0
BRDA:18,1,0,0
BRDA:41,2,0,0
BRDA:46,3,0,0
BRDA:48,4,0,0
BRDA:50,5,0,0
BRDA:86,6,0,0
BRDA:92,7,0,0
BRDA:92,8,0,0
BRDA:92,8,1,0
BRDA:94,9,0,0
BRDA:105,10,0,0
BRDA:105,10,1,0
BRDA:107,11,0,0
BRDA:107,11,1,0
BRDA:108,12,0,0
BRDA:108,12,1,0
BRDA:115,13,0,0
BRDA:120,14,0,0
BRDA:128,15,0,0
BRDA:128,16,0,0
BRDA:135,17,0,0
BRDA:135,17,1,0
BRDA:135,18,0,0
BRDA:135,18,1,0
BRDA:147,19,0,0
BRDA:151,20,0,0
BRDA:151,20,1,0
BRDA:153,21,0,0
BRDA:159,22,0,0
BRDA:180,23,0,0
BRDA:188,24,0,0
BRDA:192,25,0,0
BRDA:201,26,0,0
BRDA:209,27,0,0
BRDA:213,28,0,0
BRDA:222,29,0,0
BRDA:231,30,0,0
BRDA:231,31,0,0
BRDA:240,32,0,0
BRDA:240,32,1,0
BRDA:240,33,0,0
BRDA:240,33,1,0
BRDA:33,34,0,0
BRDA:33,34,1,0
BRDA:33,35,0,0
BRDA:33,35,1,0
BRDA:33,36,0,0
BRDA:33,36,1,0
BRDA:33,37,0,0
BRDA:33,37,1,0
BRF:51
BRH:0
end_of_record
TN:
SF:src\province\province.controller.ts
FN:25,(anonymous_4)
FN:31,(anonymous_5)
FN:38,(anonymous_6)
FN:44,(anonymous_7)
FN:57,(anonymous_8)
FN:64,(anonymous_9)
FN:72,(anonymous_10)
FN:83,(anonymous_11)
FN:95,(anonymous_12)
FNF:9
FNH:0
FNDA:0,(anonymous_4)
FNDA:0,(anonymous_5)
FNDA:0,(anonymous_6)
FNDA:0,(anonymous_7)
FNDA:0,(anonymous_8)
FNDA:0,(anonymous_9)
FNDA:0,(anonymous_10)
FNDA:0,(anonymous_11)
FNDA:0,(anonymous_12)
DA:2,0
DA:6,0
DA:7,0
DA:8,0
DA:9,0
DA:10,0
DA:11,0
DA:12,0
DA:13,0
DA:16,0
DA:18,0
DA:22,0
DA:23,0
DA:25,0
DA:31,0
DA:32,0
DA:33,0
DA:38,0
DA:39,0
DA:40,0
DA:44,0
DA:47,0
DA:48,0
DA:50,0
DA:51,0
DA:53,0
DA:57,0
DA:58,0
DA:59,0
DA:64,0
DA:65,0
DA:66,0
DA:72,0
DA:76,0
DA:77,0
DA:83,0
DA:87,0
DA:88,0
DA:95,0
DA:96,0
DA:97,0
LF:41
LH:0
BRDA:50,0,0,0
BRDA:50,1,0,0
BRDA:50,1,1,0
BRDA:31,2,0,0
BRDA:31,2,1,0
BRDA:31,3,0,0
BRDA:31,3,1,0
BRDA:31,4,0,0
BRDA:31,4,1,0
BRDA:31,5,0,0
BRDA:31,5,1,0
BRDA:38,6,0,0
BRDA:38,6,1,0
BRDA:38,7,0,0
BRDA:38,7,1,0
BRDA:38,8,0,0
BRDA:38,8,1,0
BRDA:38,9,0,0
BRDA:38,9,1,0
BRDA:45,10,0,0
BRDA:45,10,1,0
BRDA:45,11,0,0
BRDA:45,11,1,0
BRDA:46,12,0,0
BRDA:46,12,1,0
BRDA:46,13,0,0
BRDA:46,13,1,0
BRDA:57,14,0,0
BRDA:57,14,1,0
BRDA:57,15,0,0
BRDA:57,15,1,0
BRDA:74,16,0,0
BRDA:74,16,1,0
BRDA:74,17,0,0
BRDA:74,17,1,0
BRDA:75,18,0,0
BRDA:75,18,1,0
BRDA:75,19,0,0
BRDA:75,19,1,0
BRDA:85,20,0,0
BRDA:85,20,1,0
BRDA:85,21,0,0
BRDA:85,21,1,0
BRDA:86,22,0,0
BRDA:86,22,1,0
BRDA:86,23,0,0
BRDA:86,23,1,0
BRDA:25,24,0,0
BRDA:25,24,1,0
BRDA:25,25,0,0
BRDA:25,25,1,0
BRF:51
BRH:0
end_of_record
TN:
SF:src\province\province.module.ts
FNF:0
FNH:0
DA:2,0
DA:3,0
DA:4,0
DA:5,0
DA:6,0
DA:7,0
DA:17,0
LF:7
LH:0
BRF:0
BRH:0
end_of_record
TN:
SF:src\province\province.service.ts
FN:18,(anonymous_4)
FN:27,(anonymous_5)
FN:37,(anonymous_6)
FN:53,(anonymous_7)
FN:70,(anonymous_8)
FN:120,(anonymous_9)
FN:141,(anonymous_10)
FN:145,(anonymous_11)
FN:158,(anonymous_12)
FN:167,(anonymous_13)
FN:194,(anonymous_14)
FN:198,(anonymous_15)
FN:231,(anonymous_16)
FN:270,(anonymous_17)
FNF:14
FNH:0
FNDA:0,(anonymous_4)
FNDA:0,(anonymous_5)
FNDA:0,(anonymous_6)
FNDA:0,(anonymous_7)
FNDA:0,(anonymous_8)
FNDA:0,(anonymous_9)
FNDA:0,(anonymous_10)
FNDA:0,(anonymous_11)
FNDA:0,(anonymous_12)
FNDA:0,(anonymous_13)
FNDA:0,(anonymous_14)
FNDA:0,(anonymous_15)
FNDA:0,(anonymous_16)
FNDA:0,(anonymous_17)
DA:2,0
DA:3,0
DA:4,0
DA:5,0
DA:6,0
DA:12,0
DA:15,0
DA:16,0
DA:20,0
DA:22,0
DA:25,0
DA:28,0
DA:29,0
DA:30,0
DA:31,0
DA:32,0
DA:34,0
DA:38,0
DA:41,0
DA:50,0
DA:54,0
DA:55,0
DA:56,0
DA:58,0
DA:71,0
DA:72,0
DA:74,0
DA:77,0
DA:78,0
DA:79,0
DA:80,0
DA:81,0
DA:84,0
DA:87,0
DA:88,0
DA:91,0
DA:99,0
DA:100,0
DA:101,0
DA:102,0
DA:103,0
DA:104,0
DA:106,0
DA:107,0
DA:108,0
DA:112,0
DA:113,0
DA:115,0
DA:116,0
DA:121,0
DA:122,0
DA:124,0
DA:130,0
DA:131,0
DA:132,0
DA:133,0
DA:135,0
DA:137,0
DA:140,0
DA:141,0
DA:142,0
DA:146,0
DA:147,0
DA:151,0
DA:152,0
DA:153,0
DA:155,0
DA:159,0
DA:160,0
DA:164,0
DA:168,0
DA:169,0
DA:170,0
DA:173,0
DA:174,0
DA:176,0
DA:183,0
DA:184,0
DA:185,0
DA:186,0
DA:188,0
DA:190,0
DA:193,0
DA:194,0
DA:195,0
DA:199,0
DA:200,0
DA:201,0
DA:203,0
DA:205,0
DA:206,0
DA:209,0
DA:211,0
DA:212,0
DA:215,0
DA:218,0
DA:219,0
DA:220,0
DA:221,0
DA:222,0
DA:224,0
DA:225,0
DA:226,0
DA:227,0
DA:228,0
DA:232,0
DA:233,0
DA:234,0
DA:235,0
DA:236,0
DA:239,0
DA:240,0
DA:241,0
DA:242,0
DA:243,0
DA:244,0
DA:245,0
DA:247,0
DA:248,0
DA:250,0
DA:251,0
DA:254,0
DA:256,0
DA:257,0
DA:260,0
DA:263,0
DA:264,0
DA:265,0
DA:266,0
DA:267,0
DA:271,0
DA:272,0
DA:273,0
DA:274,0
DA:275,0
DA:278,0
DA:279,0
DA:280,0
DA:282,0
DA:283,0
DA:284,0
LF:141
LH:0
BRDA:30,0,0,0
BRDA:54,1,0,0
BRDA:70,2,0,0
BRDA:77,3,0,0
BRDA:80,4,0,0
BRDA:81,5,0,0
BRDA:81,5,1,0
BRDA:87,6,0,0
BRDA:103,7,0,0
BRDA:104,8,0,0
BRDA:104,8,1,0
BRDA:106,9,0,0
BRDA:112,10,0,0
BRDA:112,11,0,0
BRDA:112,11,1,0
BRDA:121,12,0,0
BRDA:121,13,0,0
BRDA:130,14,0,0
BRDA:130,14,1,0
BRDA:132,15,0,0
BRDA:135,16,0,0
BRDA:135,16,1,0
BRDA:145,17,0,0
BRDA:145,18,0,0
BRDA:151,19,0,0
BRDA:155,20,0,0
BRDA:155,20,1,0
BRDA:158,21,0,0
BRDA:158,22,0,0
BRDA:164,23,0,0
BRDA:164,23,1,0
BRDA:164,24,0,0
BRDA:164,24,1,0
BRDA:169,25,0,0
BRDA:169,26,0,0
BRDA:169,26,1,0
BRDA:173,27,0,0
BRDA:173,28,0,0
BRDA:183,29,0,0
BRDA:183,29,1,0
BRDA:185,30,0,0
BRDA:188,31,0,0
BRDA:188,31,1,0
BRDA:201,32,0,0
BRDA:205,33,0,0
BRDA:205,34,0,0
BRDA:205,34,1,0
BRDA:209,35,0,0
BRDA:211,36,0,0
BRDA:211,37,0,0
BRDA:211,37,1,0
BRDA:215,38,0,0
BRDA:227,39,0,0
BRDA:234,40,0,0
BRDA:240,41,0,0
BRDA:241,42,0,0
BRDA:241,43,0,0
BRDA:241,43,1,0
BRDA:247,44,0,0
BRDA:248,45,0,0
BRDA:250,46,0,0
BRDA:254,47,0,0
BRDA:256,48,0,0
BRDA:256,49,0,0
BRDA:256,49,1,0
BRDA:256,49,2,0
BRDA:260,50,0,0
BRDA:266,51,0,0
BRDA:273,52,0,0
BRDA:278,53,0,0
BRDA:278,54,0,0
BRDA:278,54,1,0
BRDA:20,55,0,0
BRDA:20,55,1,0
BRDA:20,56,0,0
BRDA:20,56,1,0
BRDA:20,57,0,0
BRDA:20,57,1,0
BRDA:20,58,0,0
BRDA:20,58,1,0
BRF:80
BRH:0
end_of_record
TN:
SF:src\scripts\create-initial-admin.ts
FN:18,createInitialAdmin
FNF:1
FNH:0
FNDA:0,createInitialAdmin
DA:2,0
DA:4,0
DA:5,0
DA:6,0
DA:9,0
DA:10,0
DA:12,0
DA:13,0
DA:16,0
DA:19,0
DA:21,0
DA:22,0
DA:23,0
DA:25,0
DA:26,0
DA:28,0
DA:29,0
DA:32,0
DA:37,0
DA:38,0
DA:39,0
DA:40,0
DA:44,0
DA:48,0
DA:49,0
DA:50,0
DA:51,0
DA:53,0
DA:54,0
DA:55,0
DA:56,0
DA:58,0
DA:61,0
DA:64,0
DA:75,0
DA:76,0
DA:79,0
DA:80,0
DA:81,0
DA:84,0
DA:85,0
DA:86,0
DA:91,0
LF:43
LH:0
BRDA:9,0,0,0
BRDA:9,0,1,0
BRDA:28,1,0,0
BRDA:28,1,1,0
BRDA:29,2,0,0
BRDA:29,2,1,0
BRDA:37,3,0,0
BRDA:53,4,0,0
BRDA:53,4,1,0
BRDA:61,5,0,0
BRDA:61,5,1,0
BRDA:79,6,0,0
BRDA:79,6,1,0
BRDA:80,7,0,0
BRDA:80,8,0,0
BRDA:80,8,1,0
BRDA:84,9,0,0
BRF:17
BRH:0
end_of_record
